<<<<<<< Updated upstream
<<<<<<< Updated upstream
--------------- Build Started: 11/15/2017 10:12:28 Project: ZumoBot, Configuration: ARM GCC 5.4-2016-q2-update Debug ---------------
=======
--------------- Build Started: 11/20/2017 14:59:24 Project: ZumoBot, Configuration: ARM GCC 5.4-2016-q2-update Debug ---------------
>>>>>>> Stashed changes
=======
--------------- Build Started: 11/20/2017 14:59:24 Project: ZumoBot, Configuration: ARM GCC 5.4-2016-q2-update Debug ---------------
>>>>>>> Stashed changes
The code generation step is up to date.
arm-none-eabi-gcc.exe -mcpu=cortex-m3 -mthumb -I.\ZumoLibrary -I. -IGenerated_Source\PSoC5 -Wa,-alh=.\CortexM3\ARM_GCC_541\Debug/main.lst -g -D DEBUG -Wall -ffunction-sections -ffat-lto-objects -Og -c main.c -o .\CortexM3\ARM_GCC_541\Debug\main.o
main.c: In function 'main':
main.c:136:31: warning: unused variable 'r3Scale' [-Wunused-variable]
                         float r3Scale = (float)r3B/(ref.r3 - r3W);
                               ^
main.c:133:31: warning: unused variable 'l3Scale' [-Wunused-variable]
                         float l3Scale = (float)l3B/(ref.l3 - l3W);
                               ^
main.c:107:11: warning: unused variable 'output' [-Wunused-variable]
     float output = 0;
           ^
main.c:106:11: warning: unused variable 'derivative' [-Wunused-variable]
     float derivative = 0;
           ^
main.c:105:11: warning: unused variable 'integral' [-Wunused-variable]
     float integral = 0;
           ^
main.c:74:11: warning: unused variable 'vbat' [-Wunused-variable]
     float vbat = 0.0; 
           ^
arm-none-eabi-ar.exe -rs .\CortexM3\ARM_GCC_541\Debug\ZumoBot.a .\CortexM3\ARM_GCC_541\Debug\PWM.o .\CortexM3\ARM_GCC_541\Debug\PWM_PM.o .\CortexM3\ARM_GCC_541\Debug\Clock_1.o .\CortexM3\ARM_GCC_541\Debug\SDA_1.o .\CortexM3\ARM_GCC_541\Debug\SCL_1.o .\CortexM3\ARM_GCC_541\Debug\I2C.o .\CortexM3\ARM_GCC_541\Debug\I2C_BOOT.o .\CortexM3\ARM_GCC_541\Debug\I2C_INT.o .\CortexM3\ARM_GCC_541\Debug\I2C_PM.o .\CortexM3\ARM_GCC_541\Debug\I2C_SLAVE.o .\CortexM3\ARM_GCC_541\Debug\I2C_MASTER.o .\CortexM3\ARM_GCC_541\Debug\CyDmac.o .\CortexM3\ARM_GCC_541\Debug\CyFlash.o .\CortexM3\ARM_GCC_541\Debug\CyLib.o .\CortexM3\ARM_GCC_541\Debug\cyPm.o .\CortexM3\ARM_GCC_541\Debug\CySpc.o .\CortexM3\ARM_GCC_541\Debug\cyutils.o .\CortexM3\ARM_GCC_541\Debug\MotorPwmLeft.o .\CortexM3\ARM_GCC_541\Debug\MotorPwmRight.o .\CortexM3\ARM_GCC_541\Debug\MotorDirLeft.o .\CortexM3\ARM_GCC_541\Debug\MotorDirRight.o .\CortexM3\ARM_GCC_541\Debug\Timer_1.o .\CortexM3\ARM_GCC_541\Debug\Timer_1_PM.o .\CortexM3\ARM_GCC_541\Debug\IR_led.o .\CortexM3\ARM_GCC_541\Debug\sensor_isr.o .\CortexM3\ARM_GCC_541\Debug\UART_1.o .\CortexM3\ARM_GCC_541\Debug\UART_1_PM.o .\CortexM3\ARM_GCC_541\Debug\UART_1_INT.o .\CortexM3\ARM_GCC_541\Debug\UART_1_BOOT.o .\CortexM3\ARM_GCC_541\Debug\Battery_pin.o .\CortexM3\ARM_GCC_541\Debug\ADC_Battery.o .\CortexM3\ARM_GCC_541\Debug\ADC_Battery_INT.o .\CortexM3\ARM_GCC_541\Debug\ADC_Battery_PM.o .\CortexM3\ARM_GCC_541\Debug\BatteryLed.o .\CortexM3\ARM_GCC_541\Debug\IR_receiver.o .\CortexM3\ARM_GCC_541\Debug\Trig.o .\CortexM3\ARM_GCC_541\Debug\timer_clock_4.o .\CortexM3\ARM_GCC_541\Debug\Timer.o .\CortexM3\ARM_GCC_541\Debug\Timer_PM.o .\CortexM3\ARM_GCC_541\Debug\Echo.o .\CortexM3\ARM_GCC_541\Debug\ultra_isr.o .\CortexM3\ARM_GCC_541\Debug\UART_1_IntClock.o .\CortexM3\ARM_GCC_541\Debug\ADC_Battery_IRQ.o .\CortexM3\ARM_GCC_541\Debug\ADC_Battery_theACLK.o .\CortexM3\ARM_GCC_541\Debug\ADC_Battery_Bypass.o .\CortexM3\ARM_GCC_541\Debug\Buzzer.o .\CortexM3\ARM_GCC_541\Debug\Buzzer_PWM.o .\CortexM3\ARM_GCC_541\Debug\Buzzer_PWM_PM.o .\CortexM3\ARM_GCC_541\Debug\Clock_2.o .\CortexM3\ARM_GCC_541\Debug\timer_clock_5.o .\CortexM3\ARM_GCC_541\Debug\L3.o .\CortexM3\ARM_GCC_541\Debug\Timer_L3.o .\CortexM3\ARM_GCC_541\Debug\Timer_L3_PM.o .\CortexM3\ARM_GCC_541\Debug\Timer_R3.o .\CortexM3\ARM_GCC_541\Debug\Timer_R3_PM.o .\CortexM3\ARM_GCC_541\Debug\Timer_R1.o .\CortexM3\ARM_GCC_541\Debug\Timer_R1_PM.o .\CortexM3\ARM_GCC_541\Debug\R1.o .\CortexM3\ARM_GCC_541\Debug\R3.o .\CortexM3\ARM_GCC_541\Debug\Timer_L1.o .\CortexM3\ARM_GCC_541\Debug\Timer_L1_PM.o .\CortexM3\ARM_GCC_541\Debug\L1.o .\CortexM3\ARM_GCC_541\Debug\SW1.o .\CortexM3\ARM_GCC_541\Debug\CyBootAsmGnu.o
arm-none-eabi-ar.exe: creating .\CortexM3\ARM_GCC_541\Debug\ZumoBot.a
arm-none-eabi-gcc.exe -Wl,--start-group -o C:\Users\nikla\Desktop\Zumo01\ZumoBot.cydsn\CortexM3\ARM_GCC_541\Debug\ZumoBot.elf .\CortexM3\ARM_GCC_541\Debug\main.o .\CortexM3\ARM_GCC_541\Debug\Accel.o .\CortexM3\ARM_GCC_541\Debug\Ambient.o .\CortexM3\ARM_GCC_541\Debug\Gyro.o .\CortexM3\ARM_GCC_541\Debug\I2C_made.o .\CortexM3\ARM_GCC_541\Debug\IR.o .\CortexM3\ARM_GCC_541\Debug\Magnet.o .\CortexM3\ARM_GCC_541\Debug\Motor.o .\CortexM3\ARM_GCC_541\Debug\Nunchuk.o .\CortexM3\ARM_GCC_541\Debug\Reflectance.o .\CortexM3\ARM_GCC_541\Debug\Ultra.o .\CortexM3\ARM_GCC_541\Debug\Beep.o .\CortexM3\ARM_GCC_541\Debug\cyfitter_cfg.o .\CortexM3\ARM_GCC_541\Debug\cymetadata.o .\CortexM3\ARM_GCC_541\Debug\Cm3Start.o .\CortexM3\ARM_GCC_541\Debug\ZumoBot.a "C:\Program Files (x86)\Cypress\PSoC Creator\4.1\PSoC Creator\psoc\content\cycomponentlibrary\CyComponentLibrary.cylib\CortexM3\ARM_GCC_541\Debug\CyComponentLibrary.a" -mcpu=cortex-m3 -mthumb -l m -L Generated_Source\PSoC5 -Wl,-Map,.\CortexM3\ARM_GCC_541\Debug/ZumoBot.map -T Generated_Source\PSoC5\cm3gcc.ld -u _printf_float -Wl,--gc-sections -g -ffunction-sections -Og -ffat-lto-objects -Wl,--end-group
cyelftool.exe -C C:\Users\nikla\Desktop\Zumo01\ZumoBot.cydsn\CortexM3\ARM_GCC_541\Debug\ZumoBot.elf --flash_row_size 256 --flash_size 262144 --flash_offset 0x00000000
cyelftool.exe -S C:\Users\nikla\Desktop\Zumo01\ZumoBot.cydsn\CortexM3\ARM_GCC_541\Debug\ZumoBot.elf
<<<<<<< Updated upstream
<<<<<<< Updated upstream
Flash used: 36216 of 262144 bytes (13,8 %).
SRAM used: 6649 of 65536 bytes (10,1 %). Stack: 2048 bytes. Heap: 2048 bytes.
--------------- Build Succeeded: 11/15/2017 10:12:29 ---------------
=======
Flash used: 32096 of 262144 bytes (12,2 %).
SRAM used: 6649 of 65536 bytes (10,1 %). Stack: 2048 bytes. Heap: 2048 bytes.
--------------- Build Succeeded: 11/20/2017 14:59:25 ---------------
>>>>>>> Stashed changes
=======
Flash used: 32096 of 262144 bytes (12,2 %).
SRAM used: 6649 of 65536 bytes (10,1 %). Stack: 2048 bytes. Heap: 2048 bytes.
--------------- Build Succeeded: 11/20/2017 14:59:25 ---------------
>>>>>>> Stashed changes
