ARM GAS  C:\Users\nikla\AppData\Local\Temp\ccmHT1p2.s 			page 1


   1              		.syntax unified
   2              		.cpu cortex-m3
   3              		.fpu softvfp
   4              		.eabi_attribute 20, 1
   5              		.eabi_attribute 21, 1
   6              		.eabi_attribute 23, 3
   7              		.eabi_attribute 24, 1
   8              		.eabi_attribute 25, 1
   9              		.eabi_attribute 26, 1
  10              		.eabi_attribute 30, 1
  11              		.eabi_attribute 34, 1
  12              		.eabi_attribute 18, 4
  13              		.thumb
  14              		.syntax unified
  15              		.file	"main.c"
  16              		.text
  17              	.Ltext0:
  18              		.cfi_sections	.debug_frame
  19              		.global	__aeabi_i2f
  20              		.global	__aeabi_fdiv
  21              		.global	__aeabi_fmul
  22              		.global	__aeabi_f2d
  23              		.global	__aeabi_fcmplt
  24              		.section	.text.main,"ax",%progbits
  25              		.align	2
  26              		.global	main
  27              		.thumb
  28              		.thumb_func
  29              		.type	main, %function
  30              	main:
  31              	.LFB64:
  32              		.file 1 "main.c"
   1:main.c        **** /**
   2:main.c        **** * @mainpage ZumoBot Project
   3:main.c        **** * @brief    You can make your own ZumoBot with various sensors.
   4:main.c        **** * @details  <br><br>
   5:main.c        ****     <p>
   6:main.c        ****     <B>General</B><br>
   7:main.c        ****     You will use Pololu Zumo Shields for your robot project with CY8CKIT-059(PSoC 5LP) from Cypress
   8:main.c        ****     library has basic methods of various sensors and communications so that you can make what you w
   9:main.c        ****     <br><br>
  10:main.c        ****     </p>
  11:main.c        ****     
  12:main.c        ****     <p>
  13:main.c        ****     <B>Sensors</B><br>
  14:main.c        ****     &nbsp;Included: <br>
  15:main.c        ****         &nbsp;&nbsp;&nbsp;&nbsp;LSM303D: Accelerometer & Magnetometer<br>
  16:main.c        ****         &nbsp;&nbsp;&nbsp;&nbsp;L3GD20H: Gyroscope<br>
  17:main.c        ****         &nbsp;&nbsp;&nbsp;&nbsp;Reflectance sensor<br>
  18:main.c        ****         &nbsp;&nbsp;&nbsp;&nbsp;Motors
  19:main.c        ****     &nbsp;Wii nunchuck<br>
  20:main.c        ****     &nbsp;TSOP-2236: IR Receiver<br>
  21:main.c        ****     &nbsp;HC-SR04: Ultrasonic sensor<br>
  22:main.c        ****     &nbsp;APDS-9301: Ambient light sensor<br>
  23:main.c        ****     &nbsp;IR LED <br><br><br>
  24:main.c        ****     </p>
  25:main.c        ****     
ARM GAS  C:\Users\nikla\AppData\Local\Temp\ccmHT1p2.s 			page 2


  26:main.c        ****     <p>
  27:main.c        ****     <B>Communication</B><br>
  28:main.c        ****     I2C, UART, Serial<br>
  29:main.c        ****     </p>
  30:main.c        **** */
  31:main.c        **** 
  32:main.c        **** #include <project.h>
  33:main.c        **** #include <stdio.h>
  34:main.c        **** #include <stdlib.h>
  35:main.c        **** #include <stdbool.h>
  36:main.c        **** #include "Motor.h"
  37:main.c        **** #include "Ultra.h"
  38:main.c        **** #include "Nunchuk.h"
  39:main.c        **** #include "Reflectance.h"
  40:main.c        **** #include "I2C_made.h"
  41:main.c        **** #include "Gyro.h"
  42:main.c        **** #include "Accel_magnet.h"
  43:main.c        **** #include "IR.h"
  44:main.c        **** #include "Ambient.h"
  45:main.c        **** #include "Beep.h"
  46:main.c        **** 
  47:main.c        **** int rread(void);
  48:main.c        **** 
  49:main.c        **** /**
  50:main.c        ****  * @file    main.c
  51:main.c        ****  * @brief   
  52:main.c        ****  * @details  ** You should enable global interrupt for operating properly. **<br>&nbsp;&nbsp;&nbsp;
  53:main.c        **** */
  54:main.c        **** 
  55:main.c        **** 
  56:main.c        **** //battery level//
  57:main.c        **** int main()
  58:main.c        **** {
  33              		.loc 1 58 0
  34              		.cfi_startproc
  35              		@ args = 0, pretend = 0, frame = 0
  36              		@ frame_needed = 0, uses_anonymous_args = 0
  37 0000 70B5     		push	{r4, r5, r6, lr}
  38              		.cfi_def_cfa_offset 16
  39              		.cfi_offset 4, -16
  40              		.cfi_offset 5, -12
  41              		.cfi_offset 6, -8
  42              		.cfi_offset 14, -4
  59:main.c        ****     CyGlobalIntEnable; 
  43              		.loc 1 59 0
  44              		.syntax unified
  45              	@ 59 "main.c" 1
  46 0002 62B6     		CPSIE   i
  47              	@ 0 "" 2
  60:main.c        ****     UART_1_Start();
  48              		.loc 1 60 0
  49              		.thumb
  50              		.syntax unified
  51 0004 FFF7FEFF 		bl	UART_1_Start
  52              	.LVL0:
  61:main.c        ****     ADC_Battery_Start();        
  53              		.loc 1 61 0
ARM GAS  C:\Users\nikla\AppData\Local\Temp\ccmHT1p2.s 			page 3


  54 0008 FFF7FEFF 		bl	ADC_Battery_Start
  55              	.LVL1:
  62:main.c        ****     int16 adcresult =0;
  63:main.c        ****     float vbat = 0.0; 
  64:main.c        ****     printf("\nBoot\n");
  56              		.loc 1 64 0
  57 000c 4348     		ldr	r0, .L23
  58 000e FFF7FEFF 		bl	puts
  59              	.LVL2:
  65:main.c        **** 
  66:main.c        ****     //BatteryLed_Write(1); // Switch led on 
  67:main.c        ****     BatteryLed_Write(0); // Switch led off 
  60              		.loc 1 67 0
  61 0012 0020     		movs	r0, #0
  62 0014 FFF7FEFF 		bl	BatteryLed_Write
  63              	.LVL3:
  68:main.c        ****     //uint8 button;
  69:main.c        ****     //button = SW1_Read(); // read SW1 on pSoC board
  70:main.c        ****     uint8 button;
  71:main.c        ****     int checkVoltage = 5000;
  64              		.loc 1 71 0
  65 0018 41F28834 		movw	r4, #5000
  63:main.c        ****     printf("\nBoot\n");
  66              		.loc 1 63 0
  67 001c 0025     		movs	r5, #0
  68              	.LVL4:
  69              	.L5:
  72:main.c        ****     for(;;)
  73:main.c        ****     {
  74:main.c        ****         button = SW1_Read();
  70              		.loc 1 74 0
  71 001e FFF7FEFF 		bl	SW1_Read
  72              	.LVL5:
  75:main.c        ****         if(button == 0){
  73              		.loc 1 75 0
  74 0022 D8B9     		cbnz	r0, .L2
  76:main.c        ****             CyDelay(500);
  75              		.loc 1 76 0
  76 0024 4FF4FA70 		mov	r0, #500
  77              	.LVL6:
  78 0028 FFF7FEFF 		bl	CyDelay
  79              	.LVL7:
  77:main.c        ****             motor_start();              // motor start
  80              		.loc 1 77 0
  81 002c FFF7FEFF 		bl	motor_start
  82              	.LVL8:
  78:main.c        **** 
  79:main.c        ****             motor_forward(125,1000); 
  83              		.loc 1 79 0
  84 0030 4FF47A71 		mov	r1, #1000
  85 0034 7D20     		movs	r0, #125
  86 0036 FFF7FEFF 		bl	motor_forward
  87              	.LVL9:
  80:main.c        ****             motor_forward(100,1000);// moving forward
  88              		.loc 1 80 0
  89 003a 4FF47A71 		mov	r1, #1000
  90 003e 6420     		movs	r0, #100
ARM GAS  C:\Users\nikla\AppData\Local\Temp\ccmHT1p2.s 			page 4


  91 0040 FFF7FEFF 		bl	motor_forward
  92              	.LVL10:
  81:main.c        ****             motor_turn(125,10,1300);
  93              		.loc 1 81 0
  94 0044 40F21452 		movw	r2, #1300
  95 0048 0A21     		movs	r1, #10
  96 004a 7D20     		movs	r0, #125
  97 004c FFF7FEFF 		bl	motor_turn
  98              	.LVL11:
  82:main.c        ****             //motor_forward(75,4500);
  83:main.c        ****             //motor_turn(102,10,1300);
  84:main.c        ****             //motor_forward(75,4500);
  85:main.c        ****             //motor_turn(102,10,1300);
  86:main.c        ****             //motor_turn(110,50,5000);
  87:main.c        ****             //motor_forward(200,350);// turn
  88:main.c        ****             //motor_turn(50,100,3000);     // turn
  89:main.c        ****             //motor_backward(100,3000);    // movinb backward
  90:main.c        ****             motor_forward(0,0);
  99              		.loc 1 90 0
 100 0050 0021     		movs	r1, #0
 101 0052 0846     		mov	r0, r1
 102 0054 FFF7FEFF 		bl	motor_forward
 103              	.LVL12:
  91:main.c        ****             motor_stop();               // motor stop
 104              		.loc 1 91 0
 105 0058 FFF7FEFF 		bl	motor_stop
 106              	.LVL13:
 107              	.L2:
  92:main.c        ****         }
  93:main.c        ****         
  94:main.c        ****         ADC_Battery_StartConvert();
 108              		.loc 1 94 0
 109 005c FFF7FEFF 		bl	ADC_Battery_StartConvert
 110              	.LVL14:
  95:main.c        ****         if(checkVoltage >= 5000){
 111              		.loc 1 95 0
 112 0060 41F28733 		movw	r3, #4999
 113 0064 9C42     		cmp	r4, r3
 114 0066 19DD     		ble	.L3
  96:main.c        ****             if(ADC_Battery_IsEndConversion(ADC_Battery_WAIT_FOR_RESULT)) {   // wait for get ADC co
 115              		.loc 1 96 0
 116 0068 0020     		movs	r0, #0
 117 006a FFF7FEFF 		bl	ADC_Battery_IsEndConversion
 118              	.LVL15:
 119 006e A0B1     		cbz	r0, .L14
  97:main.c        ****                 adcresult = ADC_Battery_GetResult16();
 120              		.loc 1 97 0
 121 0070 FFF7FEFF 		bl	ADC_Battery_GetResult16
 122              	.LVL16:
  98:main.c        ****                 vbat = (float)adcresult/(float)819;
 123              		.loc 1 98 0
 124 0074 FFF7FEFF 		bl	__aeabi_i2f
 125              	.LVL17:
 126 0078 2949     		ldr	r1, .L23+4
 127 007a FFF7FEFF 		bl	__aeabi_fdiv
 128              	.LVL18:
  99:main.c        ****                 vbat *=1.5;
ARM GAS  C:\Users\nikla\AppData\Local\Temp\ccmHT1p2.s 			page 5


 129              		.loc 1 99 0
 130 007e 4FF07F51 		mov	r1, #1069547520
 131 0082 FFF7FEFF 		bl	__aeabi_fmul
 132              	.LVL19:
 133 0086 0546     		mov	r5, r0
 134              	.LVL20:
 100:main.c        ****             
 101:main.c        ****             // If you want to print value
 102:main.c        ****             //printf("%d %f\r\n",adcresult, volts);
 103:main.c        ****                 printf("Vbat: %.6f\n", vbat);
 135              		.loc 1 103 0
 136 0088 FFF7FEFF 		bl	__aeabi_f2d
 137              	.LVL21:
 138 008c 0246     		mov	r2, r0
 139 008e 0B46     		mov	r3, r1
 140 0090 2448     		ldr	r0, .L23+8
 141 0092 FFF7FEFF 		bl	printf
 142              	.LVL22:
 104:main.c        ****             }
 105:main.c        ****             checkVoltage = 0;
 143              		.loc 1 105 0
 144 0096 0024     		movs	r4, #0
 145              	.LVL23:
 146 0098 00E0     		b	.L3
 147              	.LVL24:
 148              	.L14:
 149 009a 0024     		movs	r4, #0
 150              	.LVL25:
 151              	.L3:
 106:main.c        ****         }
 107:main.c        ****         if(vbat < 4.0){
 152              		.loc 1 107 0
 153 009c 4FF08141 		mov	r1, #1082130432
 154 00a0 2846     		mov	r0, r5
 155 00a2 FFF7FEFF 		bl	__aeabi_fcmplt
 156              	.LVL26:
 157 00a6 20B9     		cbnz	r0, .L15
 108:main.c        ****             break;
 109:main.c        ****         }
 110:main.c        ****         CyDelay(20);
 158              		.loc 1 110 0
 159 00a8 1420     		movs	r0, #20
 160 00aa FFF7FEFF 		bl	CyDelay
 161              	.LVL27:
 111:main.c        ****         checkVoltage +=20;
 162              		.loc 1 111 0
 163 00ae 1434     		adds	r4, r4, #20
 164              	.LVL28:
 112:main.c        ****         
 113:main.c        ****     }
 165              		.loc 1 113 0
 166 00b0 B5E7     		b	.L5
 167              	.L15:
 168 00b2 0A25     		movs	r5, #10
 169              	.LVL29:
 170 00b4 40F2DB14 		movw	r4, #475
 171              	.LVL30:
ARM GAS  C:\Users\nikla\AppData\Local\Temp\ccmHT1p2.s 			page 6


 172 00b8 0026     		movs	r6, #0
 173              	.L4:
 174              	.LVL31:
 114:main.c        ****     bool on = false;  
 115:main.c        ****     int delay = 475;
 116:main.c        ****     int delaySubtract = 10;
 117:main.c        ****     for(;;){
 118:main.c        ****         if(!on){
 175              		.loc 1 118 0
 176 00ba 26B9     		cbnz	r6, .L6
 119:main.c        ****             BatteryLed_Write(1);
 177              		.loc 1 119 0
 178 00bc 0120     		movs	r0, #1
 179 00be FFF7FEFF 		bl	BatteryLed_Write
 180              	.LVL32:
 120:main.c        ****             on = true;
 181              		.loc 1 120 0
 182 00c2 0126     		movs	r6, #1
 183 00c4 03E0     		b	.L7
 184              	.LVL33:
 185              	.L6:
 121:main.c        ****         }else{
 122:main.c        ****             BatteryLed_Write(0);
 186              		.loc 1 122 0
 187 00c6 0020     		movs	r0, #0
 188 00c8 FFF7FEFF 		bl	BatteryLed_Write
 189              	.LVL34:
 123:main.c        ****             on = false;
 190              		.loc 1 123 0
 191 00cc 0026     		movs	r6, #0
 192              	.LVL35:
 193              	.L7:
 124:main.c        ****         }
 125:main.c        ****         
 126:main.c        ****         if(delay == 0){
 194              		.loc 1 126 0
 195 00ce 0CB9     		cbnz	r4, .L8
 127:main.c        ****             delaySubtract = -1;
 196              		.loc 1 127 0
 197 00d0 4FF0FF35 		mov	r5, #-1
 198              	.LVL36:
 199              	.L8:
 128:main.c        ****         }
 129:main.c        ****         if(delay > 475){
 200              		.loc 1 129 0
 201 00d4 B4F5EE7F 		cmp	r4, #476
 202 00d8 00DB     		blt	.L9
 130:main.c        ****             delaySubtract = 10;
 203              		.loc 1 130 0
 204 00da 0A25     		movs	r5, #10
 205              	.LVL37:
 206              	.L9:
 131:main.c        ****         }
 132:main.c        ****         if(delay < 100 && delaySubtract > 0){
 207              		.loc 1 132 0
 208 00dc 632C     		cmp	r4, #99
 209 00de 01DC     		bgt	.L10
ARM GAS  C:\Users\nikla\AppData\Local\Temp\ccmHT1p2.s 			page 7


 210              		.loc 1 132 0 is_stmt 0 discriminator 1
 211 00e0 002D     		cmp	r5, #0
 212 00e2 04DC     		bgt	.L18
 213              	.L10:
 133:main.c        ****             delaySubtract = 1;
 134:main.c        ****         }
 135:main.c        ****         else if(delay < 200 && delaySubtract > 0){
 214              		.loc 1 135 0 is_stmt 1
 215 00e4 C72C     		cmp	r4, #199
 216 00e6 05DC     		bgt	.L11
 217              		.loc 1 135 0 is_stmt 0 discriminator 1
 218 00e8 002D     		cmp	r5, #0
 219 00ea 02DC     		bgt	.L19
 220 00ec 02E0     		b	.L11
 221              	.L18:
 133:main.c        ****             delaySubtract = 1;
 222              		.loc 1 133 0 is_stmt 1
 223 00ee 0125     		movs	r5, #1
 224              	.LVL38:
 225 00f0 00E0     		b	.L11
 226              	.LVL39:
 227              	.L19:
 136:main.c        ****             delaySubtract = 3;
 228              		.loc 1 136 0
 229 00f2 0325     		movs	r5, #3
 230              	.LVL40:
 231              	.L11:
 137:main.c        ****         }
 138:main.c        ****         if(delay > 200 && delaySubtract < 0){
 232              		.loc 1 138 0
 233 00f4 C82C     		cmp	r4, #200
 234 00f6 01DD     		ble	.L12
 235              		.loc 1 138 0 is_stmt 0 discriminator 1
 236 00f8 002D     		cmp	r5, #0
 237 00fa 04DB     		blt	.L20
 238              	.L12:
 139:main.c        ****             delaySubtract = -10;
 140:main.c        ****         }
 141:main.c        ****         else if(delay > 100 && delaySubtract < 0){
 239              		.loc 1 141 0 is_stmt 1
 240 00fc 642C     		cmp	r4, #100
 241 00fe 07DD     		ble	.L13
 242              		.loc 1 141 0 is_stmt 0 discriminator 1
 243 0100 002D     		cmp	r5, #0
 244 0102 05DA     		bge	.L13
 245 0104 02E0     		b	.L21
 246              	.L20:
 139:main.c        ****             delaySubtract = -10;
 247              		.loc 1 139 0 is_stmt 1
 248 0106 6FF00905 		mvn	r5, #9
 249              	.LVL41:
 250 010a 01E0     		b	.L13
 251              	.LVL42:
 252              	.L21:
 142:main.c        ****             delaySubtract = -5;
 253              		.loc 1 142 0
 254 010c 6FF00405 		mvn	r5, #4
ARM GAS  C:\Users\nikla\AppData\Local\Temp\ccmHT1p2.s 			page 8


 255              	.LVL43:
 256              	.L13:
 143:main.c        ****         }
 144:main.c        ****         delay-=delaySubtract;
 257              		.loc 1 144 0
 258 0110 641B     		subs	r4, r4, r5
 259              	.LVL44:
 145:main.c        ****         CyDelay(delay);
 260              		.loc 1 145 0
 261 0112 2046     		mov	r0, r4
 262 0114 FFF7FEFF 		bl	CyDelay
 263              	.LVL45:
 146:main.c        ****     }
 264              		.loc 1 146 0
 265 0118 CFE7     		b	.L4
 266              	.L24:
 267 011a 00BF     		.align	2
 268              	.L23:
 269 011c 00000000 		.word	.LC0
 270 0120 00C04C44 		.word	1145880576
 271 0124 08000000 		.word	.LC1
 272              		.cfi_endproc
 273              	.LFE64:
 274              		.size	main, .-main
 275              		.section	.text._write,"ax",%progbits
 276              		.align	2
 277              		.global	_write
 278              		.thumb
 279              		.thumb_func
 280              		.type	_write, %function
 281              	_write:
 282              	.LFB65:
 147:main.c        ****  }   
 148:main.c        **** //*/
 149:main.c        **** 
 150:main.c        **** 
 151:main.c        **** /*//ultra sonic sensor//
 152:main.c        **** int main()
 153:main.c        **** {
 154:main.c        ****     CyGlobalIntEnable; 
 155:main.c        ****     UART_1_Start();
 156:main.c        ****     Ultra_Start();                          // Ultra Sonic Start function
 157:main.c        ****     while(1) {
 158:main.c        ****         //If you want to print out the value  
 159:main.c        ****         printf("distance = %5.0f\r\n", Ultra_GetDistance());
 160:main.c        ****         CyDelay(1000);
 161:main.c        ****     }
 162:main.c        **** }   
 163:main.c        **** //*/
 164:main.c        **** 
 165:main.c        **** 
 166:main.c        **** /*//nunchuk//
 167:main.c        **** int main()
 168:main.c        **** {
 169:main.c        ****     CyGlobalIntEnable; 
 170:main.c        ****     UART_1_Start();
 171:main.c        ****   
ARM GAS  C:\Users\nikla\AppData\Local\Temp\ccmHT1p2.s 			page 9


 172:main.c        ****     nunchuk_start();
 173:main.c        ****     nunchuk_init();
 174:main.c        ****     
 175:main.c        ****     for(;;)
 176:main.c        ****     {    
 177:main.c        ****         nunchuk_read();
 178:main.c        ****     }
 179:main.c        **** }   
 180:main.c        **** //*/
 181:main.c        **** 
 182:main.c        **** 
 183:main.c        **** /*//IR receiver//
 184:main.c        **** int main()
 185:main.c        **** {
 186:main.c        ****     CyGlobalIntEnable; 
 187:main.c        ****     UART_1_Start();
 188:main.c        ****     
 189:main.c        ****     unsigned int IR_val; 
 190:main.c        ****     
 191:main.c        ****     for(;;)
 192:main.c        ****     {
 193:main.c        ****        IR_val = get_IR();
 194:main.c        ****        printf("%x\r\n\n",IR_val);
 195:main.c        ****     }    
 196:main.c        ****  }   
 197:main.c        **** //*/
 198:main.c        **** 
 199:main.c        **** 
 200:main.c        **** /*//Ambient light sensor//
 201:main.c        **** int main()
 202:main.c        **** {
 203:main.c        ****     CyGlobalIntEnable; 
 204:main.c        ****     UART_1_Start();
 205:main.c        ****     
 206:main.c        ****     I2C_Start();
 207:main.c        ****     
 208:main.c        ****     I2C_write(0x29,0x80,0x00);          // set to power down
 209:main.c        ****     I2C_write(0x29,0x80,0x03);          // set to power on
 210:main.c        ****     
 211:main.c        ****     for(;;)
 212:main.c        ****     {    
 213:main.c        ****         uint8 Data0Low,Data0High,Data1Low,Data1High;
 214:main.c        ****         Data0Low = I2C_read(0x29,CH0_L);
 215:main.c        ****         Data0High = I2C_read(0x29,CH0_H);
 216:main.c        ****         Data1Low = I2C_read(0x29,CH1_L);
 217:main.c        ****         Data1High = I2C_read(0x29,CH1_H);
 218:main.c        ****         
 219:main.c        ****         uint8 CH0, CH1;
 220:main.c        ****         CH0 = convert_raw(Data0Low,Data0High);      // combine Data0
 221:main.c        ****         CH1 = convert_raw(Data1Low,Data1High);      // combine Data1
 222:main.c        **** 
 223:main.c        ****         double Ch0 = CH0;
 224:main.c        ****         double Ch1 = CH1;
 225:main.c        ****         
 226:main.c        ****         double data = 0;
 227:main.c        ****         data = getLux(Ch0,Ch1);
 228:main.c        ****         
ARM GAS  C:\Users\nikla\AppData\Local\Temp\ccmHT1p2.s 			page 10


 229:main.c        ****         // If you want to print out data
 230:main.c        ****         //printf("%lf\r\n",data);    
 231:main.c        ****     }    
 232:main.c        ****  }   
 233:main.c        **** //*/
 234:main.c        **** 
 235:main.c        **** 
 236:main.c        **** /*//accelerometer//
 237:main.c        **** int main()
 238:main.c        **** {
 239:main.c        ****     CyGlobalIntEnable; 
 240:main.c        ****     UART_1_Start();
 241:main.c        ****   
 242:main.c        ****     I2C_Start();
 243:main.c        ****   
 244:main.c        ****     uint8 X_L_A, X_H_A, Y_L_A, Y_H_A, Z_L_A, Z_H_A;
 245:main.c        ****     int16 X_AXIS_A, Y_AXIS_A, Z_AXIS_A;
 246:main.c        ****     
 247:main.c        ****     I2C_write(ACCEL_MAG_ADDR, ACCEL_CTRL1_REG, 0x37);           // set accelerometer & magnetometer
 248:main.c        ****     I2C_write(ACCEL_MAG_ADDR, ACCEL_CTRL7_REG, 0x22);
 249:main.c        ****     
 250:main.c        ****     
 251:main.c        ****     for(;;)
 252:main.c        ****     {
 253:main.c        ****         //print out accelerometer output
 254:main.c        ****         X_L_A = I2C_read(ACCEL_MAG_ADDR, OUT_X_L_A);
 255:main.c        ****         X_H_A = I2C_read(ACCEL_MAG_ADDR, OUT_X_H_A);
 256:main.c        ****         X_AXIS_A = convert_raw(X_L_A, X_H_A);
 257:main.c        ****         
 258:main.c        ****         Y_L_A = I2C_read(ACCEL_MAG_ADDR, OUT_Y_L_A);
 259:main.c        ****         Y_H_A = I2C_read(ACCEL_MAG_ADDR, OUT_Y_H_A);
 260:main.c        ****         Y_AXIS_A = convert_raw(Y_L_A, Y_H_A);
 261:main.c        ****         
 262:main.c        ****         Z_L_A = I2C_read(ACCEL_MAG_ADDR, OUT_Z_L_A);
 263:main.c        ****         Z_H_A = I2C_read(ACCEL_MAG_ADDR, OUT_Z_H_A);
 264:main.c        ****         Z_AXIS_A = convert_raw(Z_L_A, Z_H_A);
 265:main.c        ****         
 266:main.c        ****         printf("ACCEL: %d %d %d %d %d %d \r\n", X_L_A, X_H_A, Y_L_A, Y_H_A, Z_L_A, Z_H_A);
 267:main.c        ****         value_convert_accel(X_AXIS_A, Y_AXIS_A, Z_AXIS_A);
 268:main.c        ****         printf("\n");
 269:main.c        ****         
 270:main.c        ****         CyDelay(50);
 271:main.c        ****     }
 272:main.c        **** }   
 273:main.c        **** //*/
 274:main.c        **** 
 275:main.c        **** 
 276:main.c        **** /*//reflectance//
 277:main.c        **** int main()
 278:main.c        **** {
 279:main.c        ****     struct sensors_ ref;
 280:main.c        ****     struct sensors_ dig;
 281:main.c        ****     CyGlobalIntEnable; 
 282:main.c        ****     UART_1_Start();
 283:main.c        ****   
 284:main.c        ****     sensor_isr_StartEx(sensor_isr_handler);
 285:main.c        ****     
ARM GAS  C:\Users\nikla\AppData\Local\Temp\ccmHT1p2.s 			page 11


 286:main.c        ****     reflectance_start();
 287:main.c        **** 
 288:main.c        ****     IR_led_Write(1);
 289:main.c        ****     for(;;)
 290:main.c        ****     {
 291:main.c        ****         reflectance_read(&ref);
 292:main.c        ****         printf("%d %d %d %d \r\n", ref.l3, ref.l1, ref.r1, ref.r3);       //print out each period o
 293:main.c        ****         reflectance_digital(&dig);      //print out 0 or 1 according to results of reflectance peri
 294:main.c        ****         printf("%d %d %d %d \r\n", dig.l3, dig.l1, dig.r1, dig.r3);        //print out 0 or 1 accor
 295:main.c        ****         
 296:main.c        ****         CyDelay(500);
 297:main.c        ****     }
 298:main.c        **** }   
 299:main.c        **** //*/
 300:main.c        **** 
 301:main.c        ****  /* //motor//
 302:main.c        **** int main()
 303:main.c        **** {
 304:main.c        ****     CyGlobalIntEnable; 
 305:main.c        ****     UART_1_Start();
 306:main.c        **** 
 307:main.c        ****     motor_start();              // motor start
 308:main.c        **** 
 309:main.c        ****     motor_forward(100,2000);     // moving forward
 310:main.c        ****     motor_turn(200,50,2000);     // turn
 311:main.c        ****     motor_turn(50,200,2000);     // turn
 312:main.c        ****     motor_backward(100,2000);    // movinb backward
 313:main.c        ****        
 314:main.c        ****     motor_stop();               // motor stop
 315:main.c        ****     
 316:main.c        ****     for(;;)
 317:main.c        ****     {
 318:main.c        **** 
 319:main.c        ****     }
 320:main.c        **** }
 321:main.c        **** //*/
 322:main.c        ****     
 323:main.c        **** 
 324:main.c        **** /*//gyroscope//
 325:main.c        **** int main()
 326:main.c        **** {
 327:main.c        ****     CyGlobalIntEnable; 
 328:main.c        ****     UART_1_Start();
 329:main.c        ****   
 330:main.c        ****     I2C_Start();
 331:main.c        ****   
 332:main.c        ****     uint8 X_L_G, X_H_G, Y_L_G, Y_H_G, Z_L_G, Z_H_G;
 333:main.c        ****     int16 X_AXIS_G, Y_AXIS_G, Z_AXIS_G;
 334:main.c        ****     
 335:main.c        ****     I2C_write(GYRO_ADDR, GYRO_CTRL1_REG, 0x0F);             // set gyroscope into active mode
 336:main.c        ****     I2C_write(GYRO_ADDR, GYRO_CTRL4_REG, 0x30);             // set full scale selection to 2000dps 
 337:main.c        ****     
 338:main.c        ****     for(;;)
 339:main.c        ****     {
 340:main.c        ****         //print out gyroscope output
 341:main.c        ****         X_L_G = I2C_read(GYRO_ADDR, OUT_X_AXIS_L);
 342:main.c        ****         X_H_G = I2C_read(GYRO_ADDR, OUT_X_AXIS_H);
ARM GAS  C:\Users\nikla\AppData\Local\Temp\ccmHT1p2.s 			page 12


 343:main.c        ****         X_AXIS_G = convert_raw(X_H_G, X_L_G);
 344:main.c        ****         
 345:main.c        ****         
 346:main.c        ****         Y_L_G = I2C_read(GYRO_ADDR, OUT_Y_AXIS_L);
 347:main.c        ****         Y_H_G = I2C_read(GYRO_ADDR, OUT_Y_AXIS_H);
 348:main.c        ****         Y_AXIS_G = convert_raw(Y_H_G, Y_L_G);
 349:main.c        ****         
 350:main.c        ****         
 351:main.c        ****         Z_L_G = I2C_read(GYRO_ADDR, OUT_Z_AXIS_L);
 352:main.c        ****         Z_H_G = I2C_read(GYRO_ADDR, OUT_Z_AXIS_H);
 353:main.c        ****         Z_AXIS_G = convert_raw(Z_H_G, Z_L_G);
 354:main.c        ****      
 355:main.c        ****         // If you want to print value
 356:main.c        ****         printf("%d %d %d \r\n", X_AXIS_G, Y_AXIS_G, Z_AXIS_G);
 357:main.c        ****         CyDelay(50);
 358:main.c        ****     }
 359:main.c        **** }   
 360:main.c        **** //*/
 361:main.c        **** 
 362:main.c        **** 
 363:main.c        **** /*//magnetometer//
 364:main.c        **** int main()
 365:main.c        **** {
 366:main.c        ****     CyGlobalIntEnable; 
 367:main.c        ****     UART_1_Start();
 368:main.c        ****   
 369:main.c        ****     I2C_Start();
 370:main.c        ****    
 371:main.c        ****     uint8 X_L_M, X_H_M, Y_L_M, Y_H_M, Z_L_M, Z_H_M;
 372:main.c        ****     int16 X_AXIS, Y_AXIS, Z_AXIS;
 373:main.c        ****     
 374:main.c        ****     I2C_write(GYRO_ADDR, GYRO_CTRL1_REG, 0x0F);             // set gyroscope into active mode
 375:main.c        ****     I2C_write(GYRO_ADDR, GYRO_CTRL4_REG, 0x30);             // set full scale selection to 2000dps
 376:main.c        ****     I2C_write(ACCEL_MAG_ADDR, ACCEL_CTRL1_REG, 0x37);           // set accelerometer & magnetometer
 377:main.c        ****     I2C_write(ACCEL_MAG_ADDR, ACCEL_CTRL7_REG, 0x22);
 378:main.c        ****     
 379:main.c        ****     
 380:main.c        ****     for(;;)
 381:main.c        ****     {
 382:main.c        ****         X_L_M = I2C_read(ACCEL_MAG_ADDR, OUT_X_L_M);
 383:main.c        ****         X_H_M = I2C_read(ACCEL_MAG_ADDR, OUT_X_H_M);
 384:main.c        ****         X_AXIS = convert_raw(X_L_M, X_H_M);
 385:main.c        ****         
 386:main.c        ****         Y_L_M = I2C_read(ACCEL_MAG_ADDR, OUT_Y_L_M);
 387:main.c        ****         Y_H_M = I2C_read(ACCEL_MAG_ADDR, OUT_Y_H_M);
 388:main.c        ****         Y_AXIS = convert_raw(Y_L_M, Y_H_M);
 389:main.c        ****         
 390:main.c        ****         Z_L_M = I2C_read(ACCEL_MAG_ADDR, OUT_Z_L_M);
 391:main.c        ****         Z_H_M = I2C_read(ACCEL_MAG_ADDR, OUT_Z_H_M);
 392:main.c        ****         Z_AXIS = convert_raw(Z_L_M, Z_H_M);
 393:main.c        ****         
 394:main.c        ****         heading(X_AXIS, Y_AXIS);
 395:main.c        ****         printf("MAGNET: %d %d %d %d %d %d \r\n", X_L_M, X_H_M, Y_L_M, Y_H_M, Z_L_M, Z_H_M);
 396:main.c        ****         printf("%d %d %d \r\n", X_AXIS,Y_AXIS, Z_AXIS);
 397:main.c        ****         CyDelay(50);      
 398:main.c        ****     }
 399:main.c        **** }   
ARM GAS  C:\Users\nikla\AppData\Local\Temp\ccmHT1p2.s 			page 13


 400:main.c        **** //*/
 401:main.c        **** 
 402:main.c        **** 
 403:main.c        **** #if 0
 404:main.c        **** int rread(void)
 405:main.c        **** {
 406:main.c        ****     SC0_SetDriveMode(PIN_DM_STRONG);
 407:main.c        ****     SC0_Write(1);
 408:main.c        ****     CyDelayUs(10);
 409:main.c        ****     SC0_SetDriveMode(PIN_DM_DIG_HIZ);
 410:main.c        ****     Timer_1_Start();
 411:main.c        ****     uint16_t start = Timer_1_ReadCounter();
 412:main.c        ****     uint16_t end = 0;
 413:main.c        ****     while(!(Timer_1_ReadStatusRegister() & Timer_1_STATUS_TC)) {
 414:main.c        ****         if(SC0_Read() == 0 && end == 0) {
 415:main.c        ****             end = Timer_1_ReadCounter();
 416:main.c        ****         }
 417:main.c        ****     }
 418:main.c        ****     Timer_1_Stop();
 419:main.c        ****     
 420:main.c        ****     return (start - end);
 421:main.c        **** }
 422:main.c        **** #endif
 423:main.c        **** 
 424:main.c        **** /* Don't remove the functions below */
 425:main.c        **** int _write(int file, char *ptr, int len)
 426:main.c        **** {
 283              		.loc 1 426 0
 284              		.cfi_startproc
 285              		@ args = 0, pretend = 0, frame = 0
 286              		@ frame_needed = 0, uses_anonymous_args = 0
 287              	.LVL46:
 288 0000 F8B5     		push	{r3, r4, r5, r6, r7, lr}
 289              		.cfi_def_cfa_offset 24
 290              		.cfi_offset 3, -24
 291              		.cfi_offset 4, -20
 292              		.cfi_offset 5, -16
 293              		.cfi_offset 6, -12
 294              		.cfi_offset 7, -8
 295              		.cfi_offset 14, -4
 296 0002 0C46     		mov	r4, r1
 297 0004 1746     		mov	r7, r2
 298              	.LVL47:
 427:main.c        ****     (void)file; /* Parameter is not used, suppress unused argument warning */
 428:main.c        **** 	int n;
 429:main.c        **** 	for(n = 0; n < len; n++) {
 299              		.loc 1 429 0
 300 0006 0025     		movs	r5, #0
 301 0008 0BE0     		b	.L26
 302              	.LVL48:
 303              	.L28:
 430:main.c        ****         if(*ptr == '\n') UART_1_PutChar('\r');
 304              		.loc 1 430 0
 305 000a 2378     		ldrb	r3, [r4]	@ zero_extendqisi2
 306 000c 0A2B     		cmp	r3, #10
 307 000e 02D1     		bne	.L27
 308              		.loc 1 430 0 is_stmt 0 discriminator 1
ARM GAS  C:\Users\nikla\AppData\Local\Temp\ccmHT1p2.s 			page 14


 309 0010 0D20     		movs	r0, #13
 310 0012 FFF7FEFF 		bl	UART_1_PutChar
 311              	.LVL49:
 312              	.L27:
 431:main.c        **** 		UART_1_PutChar(*ptr++);
 313              		.loc 1 431 0 is_stmt 1 discriminator 2
 314 0016 661C     		adds	r6, r4, #1
 315              	.LVL50:
 316 0018 2078     		ldrb	r0, [r4]	@ zero_extendqisi2
 317 001a FFF7FEFF 		bl	UART_1_PutChar
 318              	.LVL51:
 429:main.c        ****         if(*ptr == '\n') UART_1_PutChar('\r');
 319              		.loc 1 429 0 discriminator 2
 320 001e 0135     		adds	r5, r5, #1
 321              	.LVL52:
 322              		.loc 1 431 0 discriminator 2
 323 0020 3446     		mov	r4, r6
 324              	.LVL53:
 325              	.L26:
 429:main.c        ****         if(*ptr == '\n') UART_1_PutChar('\r');
 326              		.loc 1 429 0 discriminator 1
 327 0022 BD42     		cmp	r5, r7
 328 0024 F1DB     		blt	.L28
 432:main.c        **** 	}
 433:main.c        **** 	return len;
 434:main.c        **** }
 329              		.loc 1 434 0
 330 0026 3846     		mov	r0, r7
 331 0028 F8BD     		pop	{r3, r4, r5, r6, r7, pc}
 332              		.cfi_endproc
 333              	.LFE65:
 334              		.size	_write, .-_write
 335 002a 00BF     		.section	.text._read,"ax",%progbits
 336              		.align	2
 337              		.global	_read
 338              		.thumb
 339              		.thumb_func
 340              		.type	_read, %function
 341              	_read:
 342              	.LFB66:
 435:main.c        **** 
 436:main.c        **** int _read (int file, char *ptr, int count)
 437:main.c        **** {
 343              		.loc 1 437 0
 344              		.cfi_startproc
 345              		@ args = 0, pretend = 0, frame = 0
 346              		@ frame_needed = 0, uses_anonymous_args = 0
 347              	.LVL54:
 348 0000 F8B5     		push	{r3, r4, r5, r6, r7, lr}
 349              		.cfi_def_cfa_offset 24
 350              		.cfi_offset 3, -24
 351              		.cfi_offset 4, -20
 352              		.cfi_offset 5, -16
 353              		.cfi_offset 6, -12
 354              		.cfi_offset 7, -8
 355              		.cfi_offset 14, -4
 356 0002 0F46     		mov	r7, r1
ARM GAS  C:\Users\nikla\AppData\Local\Temp\ccmHT1p2.s 			page 15


 357 0004 1446     		mov	r4, r2
 358              	.LVL55:
 438:main.c        ****     int chs = 0;
 359              		.loc 1 438 0
 360 0006 0026     		movs	r6, #0
 439:main.c        ****     char ch;
 440:main.c        ****  
 441:main.c        ****     (void)file; /* Parameter is not used, suppress unused argument warning */
 442:main.c        ****     while(count > 0) {
 361              		.loc 1 442 0
 362 0008 12E0     		b	.L32
 363              	.LVL56:
 364              	.L35:
 443:main.c        ****         ch = UART_1_GetChar();
 365              		.loc 1 443 0
 366 000a FFF7FEFF 		bl	UART_1_GetChar
 367              	.LVL57:
 444:main.c        ****         if(ch != 0) {
 368              		.loc 1 444 0
 369 000e 0546     		mov	r5, r0
 370 0010 70B1     		cbz	r0, .L32
 445:main.c        ****             UART_1_PutChar(ch);
 371              		.loc 1 445 0
 372 0012 FFF7FEFF 		bl	UART_1_PutChar
 373              	.LVL58:
 446:main.c        ****             chs++;
 374              		.loc 1 446 0
 375 0016 0136     		adds	r6, r6, #1
 376              	.LVL59:
 447:main.c        ****             if(ch == '\r') {
 377              		.loc 1 447 0
 378 0018 0D2D     		cmp	r5, #13
 379 001a 03D1     		bne	.L33
 380              	.LVL60:
 448:main.c        ****                 ch = '\n';
 449:main.c        ****                 UART_1_PutChar(ch);
 381              		.loc 1 449 0
 382 001c 0A20     		movs	r0, #10
 383 001e FFF7FEFF 		bl	UART_1_PutChar
 384              	.LVL61:
 448:main.c        ****                 ch = '\n';
 385              		.loc 1 448 0
 386 0022 0A25     		movs	r5, #10
 387              	.LVL62:
 388              	.L33:
 450:main.c        ****             }
 451:main.c        ****             *ptr++ = ch;
 389              		.loc 1 451 0
 390 0024 7B1C     		adds	r3, r7, #1
 391              	.LVL63:
 392 0026 3D70     		strb	r5, [r7]
 452:main.c        ****             count--;
 393              		.loc 1 452 0
 394 0028 013C     		subs	r4, r4, #1
 395              	.LVL64:
 453:main.c        ****             if(ch == '\n') break;
 396              		.loc 1 453 0
ARM GAS  C:\Users\nikla\AppData\Local\Temp\ccmHT1p2.s 			page 16


 397 002a 0A2D     		cmp	r5, #10
 398 002c 02D0     		beq	.L34
 451:main.c        ****             count--;
 399              		.loc 1 451 0
 400 002e 1F46     		mov	r7, r3
 401              	.LVL65:
 402              	.L32:
 442:main.c        ****         ch = UART_1_GetChar();
 403              		.loc 1 442 0
 404 0030 002C     		cmp	r4, #0
 405 0032 EADC     		bgt	.L35
 406              	.LVL66:
 407              	.L34:
 454:main.c        ****         }
 455:main.c        ****     }
 456:main.c        ****     return chs;
 457:main.c        **** }
 408              		.loc 1 457 0
 409 0034 3046     		mov	r0, r6
 410 0036 F8BD     		pop	{r3, r4, r5, r6, r7, pc}
 411              		.cfi_endproc
 412              	.LFE66:
 413              		.size	_read, .-_read
 414              		.section	.rodata.str1.4,"aMS",%progbits,1
 415              		.align	2
 416              	.LC0:
 417 0000 0A426F6F 		.ascii	"\012Boot\000"
 417      7400
 418 0006 0000     		.space	2
 419              	.LC1:
 420 0008 56626174 		.ascii	"Vbat: %.6f\012\000"
 420      3A20252E 
 420      36660A00 
 421              		.text
 422              	.Letext0:
 423              		.file 2 "c:\\program files (x86)\\cypress\\psoc creator\\4.1\\psoc creator\\import\\gnu\\arm\\5.4.
 424              		.file 3 "c:\\program files (x86)\\cypress\\psoc creator\\4.1\\psoc creator\\import\\gnu\\arm\\5.4.
 425              		.file 4 "Generated_Source\\PSoC5/cytypes.h"
 426              		.file 5 "Generated_Source\\PSoC5/UART_1.h"
 427              		.file 6 "Generated_Source\\PSoC5/ADC_Battery.h"
 428              		.file 7 "Generated_Source\\PSoC5/BatteryLed.h"
 429              		.file 8 "Generated_Source\\PSoC5/SW1.h"
 430              		.file 9 "Generated_Source\\PSoC5/CyLib.h"
 431              		.file 10 ".\\ZumoLibrary/Motor.h"
 432              		.file 11 "c:\\program files (x86)\\cypress\\psoc creator\\4.1\\psoc creator\\import\\gnu\\arm\\5.4
 433              		.file 12 "Generated_Source\\PSoC5/core_cm3.h"
 434              		.file 13 "<built-in>"
 435              		.section	.debug_info,"",%progbits
 436              	.Ldebug_info0:
 437 0000 75040000 		.4byte	0x475
 438 0004 0400     		.2byte	0x4
 439 0006 00000000 		.4byte	.Ldebug_abbrev0
 440 000a 04       		.byte	0x4
 441 000b 01       		.uleb128 0x1
 442 000c A3000000 		.4byte	.LASF45
 443 0010 0C       		.byte	0xc
 444 0011 56020000 		.4byte	.LASF46
ARM GAS  C:\Users\nikla\AppData\Local\Temp\ccmHT1p2.s 			page 17


 445 0015 1B000000 		.4byte	.LASF47
 446 0019 00000000 		.4byte	.Ldebug_ranges0+0
 447 001d 00000000 		.4byte	0
 448 0021 00000000 		.4byte	.Ldebug_line0
 449 0025 02       		.uleb128 0x2
 450 0026 01       		.byte	0x1
 451 0027 06       		.byte	0x6
 452 0028 49010000 		.4byte	.LASF0
 453 002c 02       		.uleb128 0x2
 454 002d 01       		.byte	0x1
 455 002e 08       		.byte	0x8
 456 002f 95000000 		.4byte	.LASF1
 457 0033 02       		.uleb128 0x2
 458 0034 02       		.byte	0x2
 459 0035 05       		.byte	0x5
 460 0036 79020000 		.4byte	.LASF2
 461 003a 02       		.uleb128 0x2
 462 003b 02       		.byte	0x2
 463 003c 07       		.byte	0x7
 464 003d 63000000 		.4byte	.LASF3
 465 0041 03       		.uleb128 0x3
 466 0042 47000000 		.4byte	.LASF9
 467 0046 02       		.byte	0x2
 468 0047 3F       		.byte	0x3f
 469 0048 4C000000 		.4byte	0x4c
 470 004c 02       		.uleb128 0x2
 471 004d 04       		.byte	0x4
 472 004e 05       		.byte	0x5
 473 004f 92020000 		.4byte	.LASF4
 474 0053 02       		.uleb128 0x2
 475 0054 04       		.byte	0x4
 476 0055 07       		.byte	0x7
 477 0056 37010000 		.4byte	.LASF5
 478 005a 02       		.uleb128 0x2
 479 005b 08       		.byte	0x8
 480 005c 05       		.byte	0x5
 481 005d 37020000 		.4byte	.LASF6
 482 0061 02       		.uleb128 0x2
 483 0062 08       		.byte	0x8
 484 0063 07       		.byte	0x7
 485 0064 CD010000 		.4byte	.LASF7
 486 0068 04       		.uleb128 0x4
 487 0069 04       		.byte	0x4
 488 006a 05       		.byte	0x5
 489 006b 696E7400 		.ascii	"int\000"
 490 006f 02       		.uleb128 0x2
 491 0070 04       		.byte	0x4
 492 0071 07       		.byte	0x7
 493 0072 A8010000 		.4byte	.LASF8
 494 0076 03       		.uleb128 0x3
 495 0077 76000000 		.4byte	.LASF10
 496 007b 03       		.byte	0x3
 497 007c 2C       		.byte	0x2c
 498 007d 41000000 		.4byte	0x41
 499 0081 05       		.uleb128 0x5
 500 0082 83020000 		.4byte	.LASF11
 501 0086 04       		.byte	0x4
ARM GAS  C:\Users\nikla\AppData\Local\Temp\ccmHT1p2.s 			page 18


 502 0087 9201     		.2byte	0x192
 503 0089 2C000000 		.4byte	0x2c
 504 008d 05       		.uleb128 0x5
 505 008e 31010000 		.4byte	.LASF12
 506 0092 04       		.byte	0x4
 507 0093 9601     		.2byte	0x196
 508 0095 33000000 		.4byte	0x33
 509 0099 02       		.uleb128 0x2
 510 009a 04       		.byte	0x4
 511 009b 04       		.byte	0x4
 512 009c 84000000 		.4byte	.LASF13
 513 00a0 02       		.uleb128 0x2
 514 00a1 08       		.byte	0x8
 515 00a2 04       		.byte	0x4
 516 00a3 75010000 		.4byte	.LASF14
 517 00a7 02       		.uleb128 0x2
 518 00a8 01       		.byte	0x1
 519 00a9 08       		.byte	0x8
 520 00aa 5D020000 		.4byte	.LASF15
 521 00ae 02       		.uleb128 0x2
 522 00af 08       		.byte	0x8
 523 00b0 04       		.byte	0x4
 524 00b1 1B020000 		.4byte	.LASF16
 525 00b5 02       		.uleb128 0x2
 526 00b6 04       		.byte	0x4
 527 00b7 07       		.byte	0x7
 528 00b8 2E020000 		.4byte	.LASF17
 529 00bc 06       		.uleb128 0x6
 530 00bd 04       		.byte	0x4
 531 00be A7000000 		.4byte	0xa7
 532 00c2 07       		.uleb128 0x7
 533 00c3 87010000 		.4byte	.LASF25
 534 00c7 01       		.byte	0x1
 535 00c8 39       		.byte	0x39
 536 00c9 68000000 		.4byte	0x68
 537 00cd 00000000 		.4byte	.LFB64
 538 00d1 28010000 		.4byte	.LFE64-.LFB64
 539 00d5 01       		.uleb128 0x1
 540 00d6 9C       		.byte	0x9c
 541 00d7 A1020000 		.4byte	0x2a1
 542 00db 08       		.uleb128 0x8
 543 00dc 62020000 		.4byte	.LASF18
 544 00e0 01       		.byte	0x1
 545 00e1 3E       		.byte	0x3e
 546 00e2 8D000000 		.4byte	0x8d
 547 00e6 00000000 		.4byte	.LLST0
 548 00ea 08       		.uleb128 0x8
 549 00eb 70010000 		.4byte	.LASF19
 550 00ef 01       		.byte	0x1
 551 00f0 3F       		.byte	0x3f
 552 00f1 99000000 		.4byte	0x99
 553 00f5 1F000000 		.4byte	.LLST1
 554 00f9 08       		.uleb128 0x8
 555 00fa 9B020000 		.4byte	.LASF20
 556 00fe 01       		.byte	0x1
 557 00ff 46       		.byte	0x46
 558 0100 81000000 		.4byte	0x81
ARM GAS  C:\Users\nikla\AppData\Local\Temp\ccmHT1p2.s 			page 19


 559 0104 63000000 		.4byte	.LLST2
 560 0108 08       		.uleb128 0x8
 561 0109 8C010000 		.4byte	.LASF21
 562 010d 01       		.byte	0x1
 563 010e 47       		.byte	0x47
 564 010f 68000000 		.4byte	0x68
 565 0113 76000000 		.4byte	.LLST3
 566 0117 09       		.uleb128 0x9
 567 0118 6F6E00   		.ascii	"on\000"
 568 011b 01       		.byte	0x1
 569 011c 72       		.byte	0x72
 570 011d A1020000 		.4byte	0x2a1
 571 0121 A2000000 		.4byte	.LLST4
 572 0125 0A       		.uleb128 0xa
 573 0126 8F000000 		.4byte	.LASF22
 574 012a 01       		.byte	0x1
 575 012b 73       		.byte	0x73
 576 012c 68000000 		.4byte	0x68
 577 0130 01       		.uleb128 0x1
 578 0131 54       		.byte	0x54
 579 0132 08       		.uleb128 0x8
 580 0133 0D000000 		.4byte	.LASF23
 581 0137 01       		.byte	0x1
 582 0138 74       		.byte	0x74
 583 0139 68000000 		.4byte	0x68
 584 013d E3000000 		.4byte	.LLST5
 585 0141 0B       		.uleb128 0xb
 586 0142 08000000 		.4byte	.LVL0
 587 0146 C4030000 		.4byte	0x3c4
 588 014a 0B       		.uleb128 0xb
 589 014b 0C000000 		.4byte	.LVL1
 590 014f CF030000 		.4byte	0x3cf
 591 0153 0C       		.uleb128 0xc
 592 0154 12000000 		.4byte	.LVL2
 593 0158 DA030000 		.4byte	0x3da
 594 015c 6A010000 		.4byte	0x16a
 595 0160 0D       		.uleb128 0xd
 596 0161 01       		.uleb128 0x1
 597 0162 50       		.byte	0x50
 598 0163 05       		.uleb128 0x5
 599 0164 03       		.byte	0x3
 600 0165 00000000 		.4byte	.LC0
 601 0169 00       		.byte	0
 602 016a 0C       		.uleb128 0xc
 603 016b 18000000 		.4byte	.LVL3
 604 016f E9030000 		.4byte	0x3e9
 605 0173 7D010000 		.4byte	0x17d
 606 0177 0D       		.uleb128 0xd
 607 0178 01       		.uleb128 0x1
 608 0179 50       		.byte	0x50
 609 017a 01       		.uleb128 0x1
 610 017b 30       		.byte	0x30
 611 017c 00       		.byte	0
 612 017d 0B       		.uleb128 0xb
 613 017e 22000000 		.4byte	.LVL5
 614 0182 F4030000 		.4byte	0x3f4
 615 0186 0C       		.uleb128 0xc
ARM GAS  C:\Users\nikla\AppData\Local\Temp\ccmHT1p2.s 			page 20


 616 0187 2C000000 		.4byte	.LVL7
 617 018b FF030000 		.4byte	0x3ff
 618 018f 9B010000 		.4byte	0x19b
 619 0193 0D       		.uleb128 0xd
 620 0194 01       		.uleb128 0x1
 621 0195 50       		.byte	0x50
 622 0196 03       		.uleb128 0x3
 623 0197 0A       		.byte	0xa
 624 0198 F401     		.2byte	0x1f4
 625 019a 00       		.byte	0
 626 019b 0B       		.uleb128 0xb
 627 019c 30000000 		.4byte	.LVL8
 628 01a0 0A040000 		.4byte	0x40a
 629 01a4 0C       		.uleb128 0xc
 630 01a5 3A000000 		.4byte	.LVL9
 631 01a9 15040000 		.4byte	0x415
 632 01ad BF010000 		.4byte	0x1bf
 633 01b1 0D       		.uleb128 0xd
 634 01b2 01       		.uleb128 0x1
 635 01b3 50       		.byte	0x50
 636 01b4 02       		.uleb128 0x2
 637 01b5 08       		.byte	0x8
 638 01b6 7D       		.byte	0x7d
 639 01b7 0D       		.uleb128 0xd
 640 01b8 01       		.uleb128 0x1
 641 01b9 51       		.byte	0x51
 642 01ba 03       		.uleb128 0x3
 643 01bb 0A       		.byte	0xa
 644 01bc E803     		.2byte	0x3e8
 645 01be 00       		.byte	0
 646 01bf 0C       		.uleb128 0xc
 647 01c0 44000000 		.4byte	.LVL10
 648 01c4 15040000 		.4byte	0x415
 649 01c8 DA010000 		.4byte	0x1da
 650 01cc 0D       		.uleb128 0xd
 651 01cd 01       		.uleb128 0x1
 652 01ce 50       		.byte	0x50
 653 01cf 02       		.uleb128 0x2
 654 01d0 08       		.byte	0x8
 655 01d1 64       		.byte	0x64
 656 01d2 0D       		.uleb128 0xd
 657 01d3 01       		.uleb128 0x1
 658 01d4 51       		.byte	0x51
 659 01d5 03       		.uleb128 0x3
 660 01d6 0A       		.byte	0xa
 661 01d7 E803     		.2byte	0x3e8
 662 01d9 00       		.byte	0
 663 01da 0C       		.uleb128 0xc
 664 01db 50000000 		.4byte	.LVL11
 665 01df 20040000 		.4byte	0x420
 666 01e3 FA010000 		.4byte	0x1fa
 667 01e7 0D       		.uleb128 0xd
 668 01e8 01       		.uleb128 0x1
 669 01e9 50       		.byte	0x50
 670 01ea 02       		.uleb128 0x2
 671 01eb 08       		.byte	0x8
 672 01ec 7D       		.byte	0x7d
ARM GAS  C:\Users\nikla\AppData\Local\Temp\ccmHT1p2.s 			page 21


 673 01ed 0D       		.uleb128 0xd
 674 01ee 01       		.uleb128 0x1
 675 01ef 51       		.byte	0x51
 676 01f0 01       		.uleb128 0x1
 677 01f1 3A       		.byte	0x3a
 678 01f2 0D       		.uleb128 0xd
 679 01f3 01       		.uleb128 0x1
 680 01f4 52       		.byte	0x52
 681 01f5 03       		.uleb128 0x3
 682 01f6 0A       		.byte	0xa
 683 01f7 1405     		.2byte	0x514
 684 01f9 00       		.byte	0
 685 01fa 0C       		.uleb128 0xc
 686 01fb 58000000 		.4byte	.LVL12
 687 01ff 15040000 		.4byte	0x415
 688 0203 12020000 		.4byte	0x212
 689 0207 0D       		.uleb128 0xd
 690 0208 01       		.uleb128 0x1
 691 0209 50       		.byte	0x50
 692 020a 01       		.uleb128 0x1
 693 020b 30       		.byte	0x30
 694 020c 0D       		.uleb128 0xd
 695 020d 01       		.uleb128 0x1
 696 020e 51       		.byte	0x51
 697 020f 01       		.uleb128 0x1
 698 0210 30       		.byte	0x30
 699 0211 00       		.byte	0
 700 0212 0B       		.uleb128 0xb
 701 0213 5C000000 		.4byte	.LVL13
 702 0217 2B040000 		.4byte	0x42b
 703 021b 0B       		.uleb128 0xb
 704 021c 60000000 		.4byte	.LVL14
 705 0220 36040000 		.4byte	0x436
 706 0224 0C       		.uleb128 0xc
 707 0225 6E000000 		.4byte	.LVL15
 708 0229 41040000 		.4byte	0x441
 709 022d 37020000 		.4byte	0x237
 710 0231 0D       		.uleb128 0xd
 711 0232 01       		.uleb128 0x1
 712 0233 50       		.byte	0x50
 713 0234 01       		.uleb128 0x1
 714 0235 30       		.byte	0x30
 715 0236 00       		.byte	0
 716 0237 0B       		.uleb128 0xb
 717 0238 74000000 		.4byte	.LVL16
 718 023c 4C040000 		.4byte	0x44c
 719 0240 0C       		.uleb128 0xc
 720 0241 96000000 		.4byte	.LVL22
 721 0245 57040000 		.4byte	0x457
 722 0249 57020000 		.4byte	0x257
 723 024d 0D       		.uleb128 0xd
 724 024e 01       		.uleb128 0x1
 725 024f 50       		.byte	0x50
 726 0250 05       		.uleb128 0x5
 727 0251 03       		.byte	0x3
 728 0252 08000000 		.4byte	.LC1
 729 0256 00       		.byte	0
ARM GAS  C:\Users\nikla\AppData\Local\Temp\ccmHT1p2.s 			page 22


 730 0257 0C       		.uleb128 0xc
 731 0258 AE000000 		.4byte	.LVL27
 732 025c FF030000 		.4byte	0x3ff
 733 0260 6A020000 		.4byte	0x26a
 734 0264 0D       		.uleb128 0xd
 735 0265 01       		.uleb128 0x1
 736 0266 50       		.byte	0x50
 737 0267 01       		.uleb128 0x1
 738 0268 44       		.byte	0x44
 739 0269 00       		.byte	0
 740 026a 0C       		.uleb128 0xc
 741 026b C2000000 		.4byte	.LVL32
 742 026f E9030000 		.4byte	0x3e9
 743 0273 7D020000 		.4byte	0x27d
 744 0277 0D       		.uleb128 0xd
 745 0278 01       		.uleb128 0x1
 746 0279 50       		.byte	0x50
 747 027a 01       		.uleb128 0x1
 748 027b 31       		.byte	0x31
 749 027c 00       		.byte	0
 750 027d 0C       		.uleb128 0xc
 751 027e CC000000 		.4byte	.LVL34
 752 0282 E9030000 		.4byte	0x3e9
 753 0286 90020000 		.4byte	0x290
 754 028a 0D       		.uleb128 0xd
 755 028b 01       		.uleb128 0x1
 756 028c 50       		.byte	0x50
 757 028d 01       		.uleb128 0x1
 758 028e 30       		.byte	0x30
 759 028f 00       		.byte	0
 760 0290 0E       		.uleb128 0xe
 761 0291 18010000 		.4byte	.LVL45
 762 0295 FF030000 		.4byte	0x3ff
 763 0299 0D       		.uleb128 0xd
 764 029a 01       		.uleb128 0x1
 765 029b 50       		.byte	0x50
 766 029c 02       		.uleb128 0x2
 767 029d 74       		.byte	0x74
 768 029e 00       		.sleb128 0
 769 029f 00       		.byte	0
 770 02a0 00       		.byte	0
 771 02a1 02       		.uleb128 0x2
 772 02a2 01       		.byte	0x1
 773 02a3 02       		.byte	0x2
 774 02a4 CB020000 		.4byte	.LASF24
 775 02a8 0F       		.uleb128 0xf
 776 02a9 27020000 		.4byte	.LASF26
 777 02ad 01       		.byte	0x1
 778 02ae A901     		.2byte	0x1a9
 779 02b0 68000000 		.4byte	0x68
 780 02b4 00000000 		.4byte	.LFB65
 781 02b8 2A000000 		.4byte	.LFE65-.LFB65
 782 02bc 01       		.uleb128 0x1
 783 02bd 9C       		.byte	0x9c
 784 02be 1D030000 		.4byte	0x31d
 785 02c2 10       		.uleb128 0x10
 786 02c3 8A000000 		.4byte	.LASF27
ARM GAS  C:\Users\nikla\AppData\Local\Temp\ccmHT1p2.s 			page 23


 787 02c7 01       		.byte	0x1
 788 02c8 A901     		.2byte	0x1a9
 789 02ca 68000000 		.4byte	0x68
 790 02ce 0C010000 		.4byte	.LLST6
 791 02d2 11       		.uleb128 0x11
 792 02d3 70747200 		.ascii	"ptr\000"
 793 02d7 01       		.byte	0x1
 794 02d8 A901     		.2byte	0x1a9
 795 02da BC000000 		.4byte	0xbc
 796 02de 2D010000 		.4byte	.LLST7
 797 02e2 11       		.uleb128 0x11
 798 02e3 6C656E00 		.ascii	"len\000"
 799 02e7 01       		.byte	0x1
 800 02e8 A901     		.2byte	0x1a9
 801 02ea 68000000 		.4byte	0x68
 802 02ee 61010000 		.4byte	.LLST8
 803 02f2 12       		.uleb128 0x12
 804 02f3 6E00     		.ascii	"n\000"
 805 02f5 01       		.byte	0x1
 806 02f6 AC01     		.2byte	0x1ac
 807 02f8 68000000 		.4byte	0x68
 808 02fc 7F010000 		.4byte	.LLST9
 809 0300 0C       		.uleb128 0xc
 810 0301 16000000 		.4byte	.LVL49
 811 0305 62040000 		.4byte	0x462
 812 0309 13030000 		.4byte	0x313
 813 030d 0D       		.uleb128 0xd
 814 030e 01       		.uleb128 0x1
 815 030f 50       		.byte	0x50
 816 0310 01       		.uleb128 0x1
 817 0311 3D       		.byte	0x3d
 818 0312 00       		.byte	0
 819 0313 0B       		.uleb128 0xb
 820 0314 1E000000 		.4byte	.LVL51
 821 0318 62040000 		.4byte	0x462
 822 031c 00       		.byte	0
 823 031d 0F       		.uleb128 0xf
 824 031e 7E000000 		.4byte	.LASF28
 825 0322 01       		.byte	0x1
 826 0323 B401     		.2byte	0x1b4
 827 0325 68000000 		.4byte	0x68
 828 0329 00000000 		.4byte	.LFB66
 829 032d 38000000 		.4byte	.LFE66-.LFB66
 830 0331 01       		.uleb128 0x1
 831 0332 9C       		.byte	0x9c
 832 0333 B3030000 		.4byte	0x3b3
 833 0337 10       		.uleb128 0x10
 834 0338 8A000000 		.4byte	.LASF27
 835 033c 01       		.byte	0x1
 836 033d B401     		.2byte	0x1b4
 837 033f 68000000 		.4byte	0x68
 838 0343 9E010000 		.4byte	.LLST10
 839 0347 11       		.uleb128 0x11
 840 0348 70747200 		.ascii	"ptr\000"
 841 034c 01       		.byte	0x1
 842 034d B401     		.2byte	0x1b4
 843 034f BC000000 		.4byte	0xbc
ARM GAS  C:\Users\nikla\AppData\Local\Temp\ccmHT1p2.s 			page 24


 844 0353 BF010000 		.4byte	.LLST11
 845 0357 10       		.uleb128 0x10
 846 0358 73020000 		.4byte	.LASF29
 847 035c 01       		.byte	0x1
 848 035d B401     		.2byte	0x1b4
 849 035f 68000000 		.4byte	0x68
 850 0363 F3010000 		.4byte	.LLST12
 851 0367 12       		.uleb128 0x12
 852 0368 63687300 		.ascii	"chs\000"
 853 036c 01       		.byte	0x1
 854 036d B601     		.2byte	0x1b6
 855 036f 68000000 		.4byte	0x68
 856 0373 11020000 		.4byte	.LLST13
 857 0377 12       		.uleb128 0x12
 858 0378 636800   		.ascii	"ch\000"
 859 037b 01       		.byte	0x1
 860 037c B701     		.2byte	0x1b7
 861 037e A7000000 		.4byte	0xa7
 862 0382 30020000 		.4byte	.LLST14
 863 0386 0B       		.uleb128 0xb
 864 0387 0E000000 		.4byte	.LVL57
 865 038b 6D040000 		.4byte	0x46d
 866 038f 0C       		.uleb128 0xc
 867 0390 16000000 		.4byte	.LVL58
 868 0394 62040000 		.4byte	0x462
 869 0398 A3030000 		.4byte	0x3a3
 870 039c 0D       		.uleb128 0xd
 871 039d 01       		.uleb128 0x1
 872 039e 50       		.byte	0x50
 873 039f 02       		.uleb128 0x2
 874 03a0 75       		.byte	0x75
 875 03a1 00       		.sleb128 0
 876 03a2 00       		.byte	0
 877 03a3 0E       		.uleb128 0xe
 878 03a4 22000000 		.4byte	.LVL61
 879 03a8 62040000 		.4byte	0x462
 880 03ac 0D       		.uleb128 0xd
 881 03ad 01       		.uleb128 0x1
 882 03ae 50       		.byte	0x50
 883 03af 01       		.uleb128 0x1
 884 03b0 3A       		.byte	0x3a
 885 03b1 00       		.byte	0
 886 03b2 00       		.byte	0
 887 03b3 13       		.uleb128 0x13
 888 03b4 55010000 		.4byte	.LASF48
 889 03b8 0C       		.byte	0xc
 890 03b9 9606     		.2byte	0x696
 891 03bb BF030000 		.4byte	0x3bf
 892 03bf 14       		.uleb128 0x14
 893 03c0 76000000 		.4byte	0x76
 894 03c4 15       		.uleb128 0x15
 895 03c5 00000000 		.4byte	.LASF30
 896 03c9 00000000 		.4byte	.LASF30
 897 03cd 05       		.byte	0x5
 898 03ce 54       		.byte	0x54
 899 03cf 15       		.uleb128 0x15
 900 03d0 51000000 		.4byte	.LASF31
ARM GAS  C:\Users\nikla\AppData\Local\Temp\ccmHT1p2.s 			page 25


 901 03d4 51000000 		.4byte	.LASF31
 902 03d8 06       		.byte	0x6
 903 03d9 34       		.byte	0x34
 904 03da 16       		.uleb128 0x16
 905 03db A2020000 		.4byte	.LASF49
 906 03df 0C020000 		.4byte	.LASF50
 907 03e3 0D       		.byte	0xd
 908 03e4 00       		.byte	0
 909 03e5 A2020000 		.4byte	.LASF49
 910 03e9 15       		.uleb128 0x15
 911 03ea 45020000 		.4byte	.LASF32
 912 03ee 45020000 		.4byte	.LASF32
 913 03f2 07       		.byte	0x7
 914 03f3 26       		.byte	0x26
 915 03f4 15       		.uleb128 0x15
 916 03f5 89020000 		.4byte	.LASF33
 917 03f9 89020000 		.4byte	.LASF33
 918 03fd 08       		.byte	0x8
 919 03fe 29       		.byte	0x29
 920 03ff 15       		.uleb128 0x15
 921 0400 D1020000 		.4byte	.LASF34
 922 0404 D1020000 		.4byte	.LASF34
 923 0408 09       		.byte	0x9
 924 0409 76       		.byte	0x76
 925 040a 15       		.uleb128 0x15
 926 040b E4010000 		.4byte	.LASF35
 927 040f E4010000 		.4byte	.LASF35
 928 0413 0A       		.byte	0xa
 929 0414 0B       		.byte	0xb
 930 0415 15       		.uleb128 0x15
 931 0416 62010000 		.4byte	.LASF36
 932 041a 62010000 		.4byte	.LASF36
 933 041e 0A       		.byte	0xa
 934 041f 0F       		.byte	0xf
 935 0420 15       		.uleb128 0x15
 936 0421 A7020000 		.4byte	.LASF37
 937 0425 A7020000 		.4byte	.LASF37
 938 0429 0A       		.byte	0xa
 939 042a 12       		.byte	0x12
 940 042b 15       		.uleb128 0x15
 941 042c 7C010000 		.4byte	.LASF38
 942 0430 7C010000 		.4byte	.LASF38
 943 0434 0A       		.byte	0xa
 944 0435 0C       		.byte	0xc
 945 0436 15       		.uleb128 0x15
 946 0437 B2020000 		.4byte	.LASF39
 947 043b B2020000 		.4byte	.LASF39
 948 043f 06       		.byte	0x6
 949 0440 D1       		.byte	0xd1
 950 0441 15       		.uleb128 0x15
 951 0442 F0010000 		.4byte	.LASF40
 952 0446 F0010000 		.4byte	.LASF40
 953 044a 06       		.byte	0x6
 954 044b 39       		.byte	0x39
 955 044c 15       		.uleb128 0x15
 956 044d B5010000 		.4byte	.LASF41
 957 0451 B5010000 		.4byte	.LASF41
ARM GAS  C:\Users\nikla\AppData\Local\Temp\ccmHT1p2.s 			page 26


 958 0455 06       		.byte	0x6
 959 0456 3B       		.byte	0x3b
 960 0457 15       		.uleb128 0x15
 961 0458 6C020000 		.4byte	.LASF42
 962 045c 6C020000 		.4byte	.LASF42
 963 0460 0B       		.byte	0xb
 964 0461 BB       		.byte	0xbb
 965 0462 15       		.uleb128 0x15
 966 0463 99010000 		.4byte	.LASF43
 967 0467 99010000 		.4byte	.LASF43
 968 046b 05       		.byte	0x5
 969 046c 8A       		.byte	0x8a
 970 046d 15       		.uleb128 0x15
 971 046e D9020000 		.4byte	.LASF44
 972 0472 D9020000 		.4byte	.LASF44
 973 0476 05       		.byte	0x5
 974 0477 71       		.byte	0x71
 975 0478 00       		.byte	0
 976              		.section	.debug_abbrev,"",%progbits
 977              	.Ldebug_abbrev0:
 978 0000 01       		.uleb128 0x1
 979 0001 11       		.uleb128 0x11
 980 0002 01       		.byte	0x1
 981 0003 25       		.uleb128 0x25
 982 0004 0E       		.uleb128 0xe
 983 0005 13       		.uleb128 0x13
 984 0006 0B       		.uleb128 0xb
 985 0007 03       		.uleb128 0x3
 986 0008 0E       		.uleb128 0xe
 987 0009 1B       		.uleb128 0x1b
 988 000a 0E       		.uleb128 0xe
 989 000b 55       		.uleb128 0x55
 990 000c 17       		.uleb128 0x17
 991 000d 11       		.uleb128 0x11
 992 000e 01       		.uleb128 0x1
 993 000f 10       		.uleb128 0x10
 994 0010 17       		.uleb128 0x17
 995 0011 00       		.byte	0
 996 0012 00       		.byte	0
 997 0013 02       		.uleb128 0x2
 998 0014 24       		.uleb128 0x24
 999 0015 00       		.byte	0
 1000 0016 0B       		.uleb128 0xb
 1001 0017 0B       		.uleb128 0xb
 1002 0018 3E       		.uleb128 0x3e
 1003 0019 0B       		.uleb128 0xb
 1004 001a 03       		.uleb128 0x3
 1005 001b 0E       		.uleb128 0xe
 1006 001c 00       		.byte	0
 1007 001d 00       		.byte	0
 1008 001e 03       		.uleb128 0x3
 1009 001f 16       		.uleb128 0x16
 1010 0020 00       		.byte	0
 1011 0021 03       		.uleb128 0x3
 1012 0022 0E       		.uleb128 0xe
 1013 0023 3A       		.uleb128 0x3a
 1014 0024 0B       		.uleb128 0xb
ARM GAS  C:\Users\nikla\AppData\Local\Temp\ccmHT1p2.s 			page 27


 1015 0025 3B       		.uleb128 0x3b
 1016 0026 0B       		.uleb128 0xb
 1017 0027 49       		.uleb128 0x49
 1018 0028 13       		.uleb128 0x13
 1019 0029 00       		.byte	0
 1020 002a 00       		.byte	0
 1021 002b 04       		.uleb128 0x4
 1022 002c 24       		.uleb128 0x24
 1023 002d 00       		.byte	0
 1024 002e 0B       		.uleb128 0xb
 1025 002f 0B       		.uleb128 0xb
 1026 0030 3E       		.uleb128 0x3e
 1027 0031 0B       		.uleb128 0xb
 1028 0032 03       		.uleb128 0x3
 1029 0033 08       		.uleb128 0x8
 1030 0034 00       		.byte	0
 1031 0035 00       		.byte	0
 1032 0036 05       		.uleb128 0x5
 1033 0037 16       		.uleb128 0x16
 1034 0038 00       		.byte	0
 1035 0039 03       		.uleb128 0x3
 1036 003a 0E       		.uleb128 0xe
 1037 003b 3A       		.uleb128 0x3a
 1038 003c 0B       		.uleb128 0xb
 1039 003d 3B       		.uleb128 0x3b
 1040 003e 05       		.uleb128 0x5
 1041 003f 49       		.uleb128 0x49
 1042 0040 13       		.uleb128 0x13
 1043 0041 00       		.byte	0
 1044 0042 00       		.byte	0
 1045 0043 06       		.uleb128 0x6
 1046 0044 0F       		.uleb128 0xf
 1047 0045 00       		.byte	0
 1048 0046 0B       		.uleb128 0xb
 1049 0047 0B       		.uleb128 0xb
 1050 0048 49       		.uleb128 0x49
 1051 0049 13       		.uleb128 0x13
 1052 004a 00       		.byte	0
 1053 004b 00       		.byte	0
 1054 004c 07       		.uleb128 0x7
 1055 004d 2E       		.uleb128 0x2e
 1056 004e 01       		.byte	0x1
 1057 004f 3F       		.uleb128 0x3f
 1058 0050 19       		.uleb128 0x19
 1059 0051 03       		.uleb128 0x3
 1060 0052 0E       		.uleb128 0xe
 1061 0053 3A       		.uleb128 0x3a
 1062 0054 0B       		.uleb128 0xb
 1063 0055 3B       		.uleb128 0x3b
 1064 0056 0B       		.uleb128 0xb
 1065 0057 49       		.uleb128 0x49
 1066 0058 13       		.uleb128 0x13
 1067 0059 8701     		.uleb128 0x87
 1068 005b 19       		.uleb128 0x19
 1069 005c 11       		.uleb128 0x11
 1070 005d 01       		.uleb128 0x1
 1071 005e 12       		.uleb128 0x12
ARM GAS  C:\Users\nikla\AppData\Local\Temp\ccmHT1p2.s 			page 28


 1072 005f 06       		.uleb128 0x6
 1073 0060 40       		.uleb128 0x40
 1074 0061 18       		.uleb128 0x18
 1075 0062 9642     		.uleb128 0x2116
 1076 0064 19       		.uleb128 0x19
 1077 0065 01       		.uleb128 0x1
 1078 0066 13       		.uleb128 0x13
 1079 0067 00       		.byte	0
 1080 0068 00       		.byte	0
 1081 0069 08       		.uleb128 0x8
 1082 006a 34       		.uleb128 0x34
 1083 006b 00       		.byte	0
 1084 006c 03       		.uleb128 0x3
 1085 006d 0E       		.uleb128 0xe
 1086 006e 3A       		.uleb128 0x3a
 1087 006f 0B       		.uleb128 0xb
 1088 0070 3B       		.uleb128 0x3b
 1089 0071 0B       		.uleb128 0xb
 1090 0072 49       		.uleb128 0x49
 1091 0073 13       		.uleb128 0x13
 1092 0074 02       		.uleb128 0x2
 1093 0075 17       		.uleb128 0x17
 1094 0076 00       		.byte	0
 1095 0077 00       		.byte	0
 1096 0078 09       		.uleb128 0x9
 1097 0079 34       		.uleb128 0x34
 1098 007a 00       		.byte	0
 1099 007b 03       		.uleb128 0x3
 1100 007c 08       		.uleb128 0x8
 1101 007d 3A       		.uleb128 0x3a
 1102 007e 0B       		.uleb128 0xb
 1103 007f 3B       		.uleb128 0x3b
 1104 0080 0B       		.uleb128 0xb
 1105 0081 49       		.uleb128 0x49
 1106 0082 13       		.uleb128 0x13
 1107 0083 02       		.uleb128 0x2
 1108 0084 17       		.uleb128 0x17
 1109 0085 00       		.byte	0
 1110 0086 00       		.byte	0
 1111 0087 0A       		.uleb128 0xa
 1112 0088 34       		.uleb128 0x34
 1113 0089 00       		.byte	0
 1114 008a 03       		.uleb128 0x3
 1115 008b 0E       		.uleb128 0xe
 1116 008c 3A       		.uleb128 0x3a
 1117 008d 0B       		.uleb128 0xb
 1118 008e 3B       		.uleb128 0x3b
 1119 008f 0B       		.uleb128 0xb
 1120 0090 49       		.uleb128 0x49
 1121 0091 13       		.uleb128 0x13
 1122 0092 02       		.uleb128 0x2
 1123 0093 18       		.uleb128 0x18
 1124 0094 00       		.byte	0
 1125 0095 00       		.byte	0
 1126 0096 0B       		.uleb128 0xb
 1127 0097 898201   		.uleb128 0x4109
 1128 009a 00       		.byte	0
ARM GAS  C:\Users\nikla\AppData\Local\Temp\ccmHT1p2.s 			page 29


 1129 009b 11       		.uleb128 0x11
 1130 009c 01       		.uleb128 0x1
 1131 009d 31       		.uleb128 0x31
 1132 009e 13       		.uleb128 0x13
 1133 009f 00       		.byte	0
 1134 00a0 00       		.byte	0
 1135 00a1 0C       		.uleb128 0xc
 1136 00a2 898201   		.uleb128 0x4109
 1137 00a5 01       		.byte	0x1
 1138 00a6 11       		.uleb128 0x11
 1139 00a7 01       		.uleb128 0x1
 1140 00a8 31       		.uleb128 0x31
 1141 00a9 13       		.uleb128 0x13
 1142 00aa 01       		.uleb128 0x1
 1143 00ab 13       		.uleb128 0x13
 1144 00ac 00       		.byte	0
 1145 00ad 00       		.byte	0
 1146 00ae 0D       		.uleb128 0xd
 1147 00af 8A8201   		.uleb128 0x410a
 1148 00b2 00       		.byte	0
 1149 00b3 02       		.uleb128 0x2
 1150 00b4 18       		.uleb128 0x18
 1151 00b5 9142     		.uleb128 0x2111
 1152 00b7 18       		.uleb128 0x18
 1153 00b8 00       		.byte	0
 1154 00b9 00       		.byte	0
 1155 00ba 0E       		.uleb128 0xe
 1156 00bb 898201   		.uleb128 0x4109
 1157 00be 01       		.byte	0x1
 1158 00bf 11       		.uleb128 0x11
 1159 00c0 01       		.uleb128 0x1
 1160 00c1 31       		.uleb128 0x31
 1161 00c2 13       		.uleb128 0x13
 1162 00c3 00       		.byte	0
 1163 00c4 00       		.byte	0
 1164 00c5 0F       		.uleb128 0xf
 1165 00c6 2E       		.uleb128 0x2e
 1166 00c7 01       		.byte	0x1
 1167 00c8 3F       		.uleb128 0x3f
 1168 00c9 19       		.uleb128 0x19
 1169 00ca 03       		.uleb128 0x3
 1170 00cb 0E       		.uleb128 0xe
 1171 00cc 3A       		.uleb128 0x3a
 1172 00cd 0B       		.uleb128 0xb
 1173 00ce 3B       		.uleb128 0x3b
 1174 00cf 05       		.uleb128 0x5
 1175 00d0 27       		.uleb128 0x27
 1176 00d1 19       		.uleb128 0x19
 1177 00d2 49       		.uleb128 0x49
 1178 00d3 13       		.uleb128 0x13
 1179 00d4 11       		.uleb128 0x11
 1180 00d5 01       		.uleb128 0x1
 1181 00d6 12       		.uleb128 0x12
 1182 00d7 06       		.uleb128 0x6
 1183 00d8 40       		.uleb128 0x40
 1184 00d9 18       		.uleb128 0x18
 1185 00da 9742     		.uleb128 0x2117
ARM GAS  C:\Users\nikla\AppData\Local\Temp\ccmHT1p2.s 			page 30


 1186 00dc 19       		.uleb128 0x19
 1187 00dd 01       		.uleb128 0x1
 1188 00de 13       		.uleb128 0x13
 1189 00df 00       		.byte	0
 1190 00e0 00       		.byte	0
 1191 00e1 10       		.uleb128 0x10
 1192 00e2 05       		.uleb128 0x5
 1193 00e3 00       		.byte	0
 1194 00e4 03       		.uleb128 0x3
 1195 00e5 0E       		.uleb128 0xe
 1196 00e6 3A       		.uleb128 0x3a
 1197 00e7 0B       		.uleb128 0xb
 1198 00e8 3B       		.uleb128 0x3b
 1199 00e9 05       		.uleb128 0x5
 1200 00ea 49       		.uleb128 0x49
 1201 00eb 13       		.uleb128 0x13
 1202 00ec 02       		.uleb128 0x2
 1203 00ed 17       		.uleb128 0x17
 1204 00ee 00       		.byte	0
 1205 00ef 00       		.byte	0
 1206 00f0 11       		.uleb128 0x11
 1207 00f1 05       		.uleb128 0x5
 1208 00f2 00       		.byte	0
 1209 00f3 03       		.uleb128 0x3
 1210 00f4 08       		.uleb128 0x8
 1211 00f5 3A       		.uleb128 0x3a
 1212 00f6 0B       		.uleb128 0xb
 1213 00f7 3B       		.uleb128 0x3b
 1214 00f8 05       		.uleb128 0x5
 1215 00f9 49       		.uleb128 0x49
 1216 00fa 13       		.uleb128 0x13
 1217 00fb 02       		.uleb128 0x2
 1218 00fc 17       		.uleb128 0x17
 1219 00fd 00       		.byte	0
 1220 00fe 00       		.byte	0
 1221 00ff 12       		.uleb128 0x12
 1222 0100 34       		.uleb128 0x34
 1223 0101 00       		.byte	0
 1224 0102 03       		.uleb128 0x3
 1225 0103 08       		.uleb128 0x8
 1226 0104 3A       		.uleb128 0x3a
 1227 0105 0B       		.uleb128 0xb
 1228 0106 3B       		.uleb128 0x3b
 1229 0107 05       		.uleb128 0x5
 1230 0108 49       		.uleb128 0x49
 1231 0109 13       		.uleb128 0x13
 1232 010a 02       		.uleb128 0x2
 1233 010b 17       		.uleb128 0x17
 1234 010c 00       		.byte	0
 1235 010d 00       		.byte	0
 1236 010e 13       		.uleb128 0x13
 1237 010f 34       		.uleb128 0x34
 1238 0110 00       		.byte	0
 1239 0111 03       		.uleb128 0x3
 1240 0112 0E       		.uleb128 0xe
 1241 0113 3A       		.uleb128 0x3a
 1242 0114 0B       		.uleb128 0xb
ARM GAS  C:\Users\nikla\AppData\Local\Temp\ccmHT1p2.s 			page 31


 1243 0115 3B       		.uleb128 0x3b
 1244 0116 05       		.uleb128 0x5
 1245 0117 49       		.uleb128 0x49
 1246 0118 13       		.uleb128 0x13
 1247 0119 3F       		.uleb128 0x3f
 1248 011a 19       		.uleb128 0x19
 1249 011b 3C       		.uleb128 0x3c
 1250 011c 19       		.uleb128 0x19
 1251 011d 00       		.byte	0
 1252 011e 00       		.byte	0
 1253 011f 14       		.uleb128 0x14
 1254 0120 35       		.uleb128 0x35
 1255 0121 00       		.byte	0
 1256 0122 49       		.uleb128 0x49
 1257 0123 13       		.uleb128 0x13
 1258 0124 00       		.byte	0
 1259 0125 00       		.byte	0
 1260 0126 15       		.uleb128 0x15
 1261 0127 2E       		.uleb128 0x2e
 1262 0128 00       		.byte	0
 1263 0129 3F       		.uleb128 0x3f
 1264 012a 19       		.uleb128 0x19
 1265 012b 3C       		.uleb128 0x3c
 1266 012c 19       		.uleb128 0x19
 1267 012d 6E       		.uleb128 0x6e
 1268 012e 0E       		.uleb128 0xe
 1269 012f 03       		.uleb128 0x3
 1270 0130 0E       		.uleb128 0xe
 1271 0131 3A       		.uleb128 0x3a
 1272 0132 0B       		.uleb128 0xb
 1273 0133 3B       		.uleb128 0x3b
 1274 0134 0B       		.uleb128 0xb
 1275 0135 00       		.byte	0
 1276 0136 00       		.byte	0
 1277 0137 16       		.uleb128 0x16
 1278 0138 2E       		.uleb128 0x2e
 1279 0139 00       		.byte	0
 1280 013a 3F       		.uleb128 0x3f
 1281 013b 19       		.uleb128 0x19
 1282 013c 3C       		.uleb128 0x3c
 1283 013d 19       		.uleb128 0x19
 1284 013e 6E       		.uleb128 0x6e
 1285 013f 0E       		.uleb128 0xe
 1286 0140 03       		.uleb128 0x3
 1287 0141 0E       		.uleb128 0xe
 1288 0142 3A       		.uleb128 0x3a
 1289 0143 0B       		.uleb128 0xb
 1290 0144 3B       		.uleb128 0x3b
 1291 0145 0B       		.uleb128 0xb
 1292 0146 6E       		.uleb128 0x6e
 1293 0147 0E       		.uleb128 0xe
 1294 0148 00       		.byte	0
 1295 0149 00       		.byte	0
 1296 014a 00       		.byte	0
 1297              		.section	.debug_loc,"",%progbits
 1298              	.Ldebug_loc0:
 1299              	.LLST0:
ARM GAS  C:\Users\nikla\AppData\Local\Temp\ccmHT1p2.s 			page 32


 1300 0000 0C000000 		.4byte	.LVL1
 1301 0004 1E000000 		.4byte	.LVL4
 1302 0008 0200     		.2byte	0x2
 1303 000a 30       		.byte	0x30
 1304 000b 9F       		.byte	0x9f
 1305 000c 74000000 		.4byte	.LVL16
 1306 0010 77000000 		.4byte	.LVL17-1
 1307 0014 0100     		.2byte	0x1
 1308 0016 50       		.byte	0x50
 1309 0017 00000000 		.4byte	0
 1310 001b 00000000 		.4byte	0
 1311              	.LLST1:
 1312 001f 0C000000 		.4byte	.LVL1
 1313 0023 1E000000 		.4byte	.LVL4
 1314 0027 0600     		.2byte	0x6
 1315 0029 9E       		.byte	0x9e
 1316 002a 04       		.uleb128 0x4
 1317 002b 00000000 		.4byte	0
 1318 002f 1E000000 		.4byte	.LVL4
 1319 0033 7E000000 		.4byte	.LVL18
 1320 0037 0100     		.2byte	0x1
 1321 0039 55       		.byte	0x55
 1322 003a 7E000000 		.4byte	.LVL18
 1323 003e 85000000 		.4byte	.LVL19-1
 1324 0042 0100     		.2byte	0x1
 1325 0044 50       		.byte	0x50
 1326 0045 88000000 		.4byte	.LVL20
 1327 0049 8B000000 		.4byte	.LVL21-1
 1328 004d 0100     		.2byte	0x1
 1329 004f 50       		.byte	0x50
 1330 0050 8B000000 		.4byte	.LVL21-1
 1331 0054 B4000000 		.4byte	.LVL29
 1332 0058 0100     		.2byte	0x1
 1333 005a 55       		.byte	0x55
 1334 005b 00000000 		.4byte	0
 1335 005f 00000000 		.4byte	0
 1336              	.LLST2:
 1337 0063 22000000 		.4byte	.LVL5
 1338 0067 28000000 		.4byte	.LVL6
 1339 006b 0100     		.2byte	0x1
 1340 006d 50       		.byte	0x50
 1341 006e 00000000 		.4byte	0
 1342 0072 00000000 		.4byte	0
 1343              	.LLST3:
 1344 0076 18000000 		.4byte	.LVL3
 1345 007a 1E000000 		.4byte	.LVL4
 1346 007e 0400     		.2byte	0x4
 1347 0080 0A       		.byte	0xa
 1348 0081 8813     		.2byte	0x1388
 1349 0083 9F       		.byte	0x9f
 1350 0084 1E000000 		.4byte	.LVL4
 1351 0088 98000000 		.4byte	.LVL23
 1352 008c 0100     		.2byte	0x1
 1353 008e 54       		.byte	0x54
 1354 008f 9A000000 		.4byte	.LVL24
 1355 0093 B8000000 		.4byte	.LVL30
 1356 0097 0100     		.2byte	0x1
ARM GAS  C:\Users\nikla\AppData\Local\Temp\ccmHT1p2.s 			page 33


 1357 0099 54       		.byte	0x54
 1358 009a 00000000 		.4byte	0
 1359 009e 00000000 		.4byte	0
 1360              	.LLST4:
 1361 00a2 BA000000 		.4byte	.LVL31
 1362 00a6 C2000000 		.4byte	.LVL32
 1363 00aa 0100     		.2byte	0x1
 1364 00ac 56       		.byte	0x56
 1365 00ad C2000000 		.4byte	.LVL32
 1366 00b1 C6000000 		.4byte	.LVL33
 1367 00b5 0200     		.2byte	0x2
 1368 00b7 31       		.byte	0x31
 1369 00b8 9F       		.byte	0x9f
 1370 00b9 C6000000 		.4byte	.LVL33
 1371 00bd CC000000 		.4byte	.LVL34
 1372 00c1 0100     		.2byte	0x1
 1373 00c3 56       		.byte	0x56
 1374 00c4 CC000000 		.4byte	.LVL34
 1375 00c8 CE000000 		.4byte	.LVL35
 1376 00cc 0200     		.2byte	0x2
 1377 00ce 30       		.byte	0x30
 1378 00cf 9F       		.byte	0x9f
 1379 00d0 CE000000 		.4byte	.LVL35
 1380 00d4 28010000 		.4byte	.LFE64
 1381 00d8 0100     		.2byte	0x1
 1382 00da 56       		.byte	0x56
 1383 00db 00000000 		.4byte	0
 1384 00df 00000000 		.4byte	0
 1385              	.LLST5:
 1386 00e3 BA000000 		.4byte	.LVL31
 1387 00e7 F0000000 		.4byte	.LVL38
 1388 00eb 0100     		.2byte	0x1
 1389 00ed 55       		.byte	0x55
 1390 00ee F2000000 		.4byte	.LVL39
 1391 00f2 0A010000 		.4byte	.LVL41
 1392 00f6 0100     		.2byte	0x1
 1393 00f8 55       		.byte	0x55
 1394 00f9 0C010000 		.4byte	.LVL42
 1395 00fd 28010000 		.4byte	.LFE64
 1396 0101 0100     		.2byte	0x1
 1397 0103 55       		.byte	0x55
 1398 0104 00000000 		.4byte	0
 1399 0108 00000000 		.4byte	0
 1400              	.LLST6:
 1401 010c 00000000 		.4byte	.LVL46
 1402 0110 0A000000 		.4byte	.LVL48
 1403 0114 0100     		.2byte	0x1
 1404 0116 50       		.byte	0x50
 1405 0117 0A000000 		.4byte	.LVL48
 1406 011b 2A000000 		.4byte	.LFE65
 1407 011f 0400     		.2byte	0x4
 1408 0121 F3       		.byte	0xf3
 1409 0122 01       		.uleb128 0x1
 1410 0123 50       		.byte	0x50
 1411 0124 9F       		.byte	0x9f
 1412 0125 00000000 		.4byte	0
 1413 0129 00000000 		.4byte	0
ARM GAS  C:\Users\nikla\AppData\Local\Temp\ccmHT1p2.s 			page 34


 1414              	.LLST7:
 1415 012d 00000000 		.4byte	.LVL46
 1416 0131 0A000000 		.4byte	.LVL48
 1417 0135 0100     		.2byte	0x1
 1418 0137 51       		.byte	0x51
 1419 0138 0A000000 		.4byte	.LVL48
 1420 013c 18000000 		.4byte	.LVL50
 1421 0140 0100     		.2byte	0x1
 1422 0142 54       		.byte	0x54
 1423 0143 18000000 		.4byte	.LVL50
 1424 0147 22000000 		.4byte	.LVL53
 1425 014b 0100     		.2byte	0x1
 1426 014d 56       		.byte	0x56
 1427 014e 22000000 		.4byte	.LVL53
 1428 0152 2A000000 		.4byte	.LFE65
 1429 0156 0100     		.2byte	0x1
 1430 0158 54       		.byte	0x54
 1431 0159 00000000 		.4byte	0
 1432 015d 00000000 		.4byte	0
 1433              	.LLST8:
 1434 0161 00000000 		.4byte	.LVL46
 1435 0165 0A000000 		.4byte	.LVL48
 1436 0169 0100     		.2byte	0x1
 1437 016b 52       		.byte	0x52
 1438 016c 0A000000 		.4byte	.LVL48
 1439 0170 2A000000 		.4byte	.LFE65
 1440 0174 0100     		.2byte	0x1
 1441 0176 57       		.byte	0x57
 1442 0177 00000000 		.4byte	0
 1443 017b 00000000 		.4byte	0
 1444              	.LLST9:
 1445 017f 06000000 		.4byte	.LVL47
 1446 0183 0A000000 		.4byte	.LVL48
 1447 0187 0200     		.2byte	0x2
 1448 0189 30       		.byte	0x30
 1449 018a 9F       		.byte	0x9f
 1450 018b 0A000000 		.4byte	.LVL48
 1451 018f 2A000000 		.4byte	.LFE65
 1452 0193 0100     		.2byte	0x1
 1453 0195 55       		.byte	0x55
 1454 0196 00000000 		.4byte	0
 1455 019a 00000000 		.4byte	0
 1456              	.LLST10:
 1457 019e 00000000 		.4byte	.LVL54
 1458 01a2 0A000000 		.4byte	.LVL56
 1459 01a6 0100     		.2byte	0x1
 1460 01a8 50       		.byte	0x50
 1461 01a9 0A000000 		.4byte	.LVL56
 1462 01ad 38000000 		.4byte	.LFE66
 1463 01b1 0400     		.2byte	0x4
 1464 01b3 F3       		.byte	0xf3
 1465 01b4 01       		.uleb128 0x1
 1466 01b5 50       		.byte	0x50
 1467 01b6 9F       		.byte	0x9f
 1468 01b7 00000000 		.4byte	0
 1469 01bb 00000000 		.4byte	0
 1470              	.LLST11:
ARM GAS  C:\Users\nikla\AppData\Local\Temp\ccmHT1p2.s 			page 35


 1471 01bf 00000000 		.4byte	.LVL54
 1472 01c3 0A000000 		.4byte	.LVL56
 1473 01c7 0100     		.2byte	0x1
 1474 01c9 51       		.byte	0x51
 1475 01ca 0A000000 		.4byte	.LVL56
 1476 01ce 26000000 		.4byte	.LVL63
 1477 01d2 0100     		.2byte	0x1
 1478 01d4 57       		.byte	0x57
 1479 01d5 26000000 		.4byte	.LVL63
 1480 01d9 30000000 		.4byte	.LVL65
 1481 01dd 0100     		.2byte	0x1
 1482 01df 53       		.byte	0x53
 1483 01e0 30000000 		.4byte	.LVL65
 1484 01e4 34000000 		.4byte	.LVL66
 1485 01e8 0100     		.2byte	0x1
 1486 01ea 57       		.byte	0x57
 1487 01eb 00000000 		.4byte	0
 1488 01ef 00000000 		.4byte	0
 1489              	.LLST12:
 1490 01f3 00000000 		.4byte	.LVL54
 1491 01f7 0A000000 		.4byte	.LVL56
 1492 01fb 0100     		.2byte	0x1
 1493 01fd 52       		.byte	0x52
 1494 01fe 0A000000 		.4byte	.LVL56
 1495 0202 38000000 		.4byte	.LFE66
 1496 0206 0100     		.2byte	0x1
 1497 0208 54       		.byte	0x54
 1498 0209 00000000 		.4byte	0
 1499 020d 00000000 		.4byte	0
 1500              	.LLST13:
 1501 0211 06000000 		.4byte	.LVL55
 1502 0215 0A000000 		.4byte	.LVL56
 1503 0219 0200     		.2byte	0x2
 1504 021b 30       		.byte	0x30
 1505 021c 9F       		.byte	0x9f
 1506 021d 0A000000 		.4byte	.LVL56
 1507 0221 38000000 		.4byte	.LFE66
 1508 0225 0100     		.2byte	0x1
 1509 0227 56       		.byte	0x56
 1510 0228 00000000 		.4byte	0
 1511 022c 00000000 		.4byte	0
 1512              	.LLST14:
 1513 0230 0E000000 		.4byte	.LVL57
 1514 0234 15000000 		.4byte	.LVL58-1
 1515 0238 0100     		.2byte	0x1
 1516 023a 50       		.byte	0x50
 1517 023b 1C000000 		.4byte	.LVL60
 1518 023f 24000000 		.4byte	.LVL62
 1519 0243 0200     		.2byte	0x2
 1520 0245 3A       		.byte	0x3a
 1521 0246 9F       		.byte	0x9f
 1522 0247 24000000 		.4byte	.LVL62
 1523 024b 30000000 		.4byte	.LVL65
 1524 024f 0100     		.2byte	0x1
 1525 0251 55       		.byte	0x55
 1526 0252 00000000 		.4byte	0
 1527 0256 00000000 		.4byte	0
ARM GAS  C:\Users\nikla\AppData\Local\Temp\ccmHT1p2.s 			page 36


 1528              		.section	.debug_aranges,"",%progbits
 1529 0000 2C000000 		.4byte	0x2c
 1530 0004 0200     		.2byte	0x2
 1531 0006 00000000 		.4byte	.Ldebug_info0
 1532 000a 04       		.byte	0x4
 1533 000b 00       		.byte	0
 1534 000c 0000     		.2byte	0
 1535 000e 0000     		.2byte	0
 1536 0010 00000000 		.4byte	.LFB64
 1537 0014 28010000 		.4byte	.LFE64-.LFB64
 1538 0018 00000000 		.4byte	.LFB65
 1539 001c 2A000000 		.4byte	.LFE65-.LFB65
 1540 0020 00000000 		.4byte	.LFB66
 1541 0024 38000000 		.4byte	.LFE66-.LFB66
 1542 0028 00000000 		.4byte	0
 1543 002c 00000000 		.4byte	0
 1544              		.section	.debug_ranges,"",%progbits
 1545              	.Ldebug_ranges0:
 1546 0000 00000000 		.4byte	.LFB64
 1547 0004 28010000 		.4byte	.LFE64
 1548 0008 00000000 		.4byte	.LFB65
 1549 000c 2A000000 		.4byte	.LFE65
 1550 0010 00000000 		.4byte	.LFB66
 1551 0014 38000000 		.4byte	.LFE66
 1552 0018 00000000 		.4byte	0
 1553 001c 00000000 		.4byte	0
 1554              		.section	.debug_line,"",%progbits
 1555              	.Ldebug_line0:
 1556 0000 DF020000 		.section	.debug_str,"MS",%progbits,1
 1556      02002702 
 1556      00000201 
 1556      FB0E0D00 
 1556      01010101 
 1557              	.LASF30:
 1558 0000 55415254 		.ascii	"UART_1_Start\000"
 1558      5F315F53 
 1558      74617274 
 1558      00
 1559              	.LASF23:
 1560 000d 64656C61 		.ascii	"delaySubtract\000"
 1560      79537562 
 1560      74726163 
 1560      7400
 1561              	.LASF47:
 1562 001b 433A5C55 		.ascii	"C:\\Users\\nikla\\Desktop\\Zumo01\\ZumoBot.cydsn\000"
 1562      73657273 
 1562      5C6E696B 
 1562      6C615C44 
 1562      65736B74 
 1563              	.LASF9:
 1564 0047 5F5F696E 		.ascii	"__int32_t\000"
 1564      7433325F 
 1564      7400
 1565              	.LASF31:
 1566 0051 4144435F 		.ascii	"ADC_Battery_Start\000"
 1566      42617474 
 1566      6572795F 
ARM GAS  C:\Users\nikla\AppData\Local\Temp\ccmHT1p2.s 			page 37


 1566      53746172 
 1566      7400
 1567              	.LASF3:
 1568 0063 73686F72 		.ascii	"short unsigned int\000"
 1568      7420756E 
 1568      7369676E 
 1568      65642069 
 1568      6E7400
 1569              	.LASF10:
 1570 0076 696E7433 		.ascii	"int32_t\000"
 1570      325F7400 
 1571              	.LASF28:
 1572 007e 5F726561 		.ascii	"_read\000"
 1572      6400
 1573              	.LASF13:
 1574 0084 666C6F61 		.ascii	"float\000"
 1574      7400
 1575              	.LASF27:
 1576 008a 66696C65 		.ascii	"file\000"
 1576      00
 1577              	.LASF22:
 1578 008f 64656C61 		.ascii	"delay\000"
 1578      7900
 1579              	.LASF1:
 1580 0095 756E7369 		.ascii	"unsigned char\000"
 1580      676E6564 
 1580      20636861 
 1580      7200
 1581              	.LASF45:
 1582 00a3 474E5520 		.ascii	"GNU C11 5.4.1 20160609 (release) [ARM/embedded-5-br"
 1582      43313120 
 1582      352E342E 
 1582      31203230 
 1582      31363036 
 1583 00d6 616E6368 		.ascii	"anch revision 237715] -mcpu=cortex-m3 -mthumb -g -O"
 1583      20726576 
 1583      6973696F 
 1583      6E203233 
 1583      37373135 
 1584 0109 67202D66 		.ascii	"g -ffunction-sections -ffat-lto-objects\000"
 1584      66756E63 
 1584      74696F6E 
 1584      2D736563 
 1584      74696F6E 
 1585              	.LASF12:
 1586 0131 696E7431 		.ascii	"int16\000"
 1586      3600
 1587              	.LASF5:
 1588 0137 6C6F6E67 		.ascii	"long unsigned int\000"
 1588      20756E73 
 1588      69676E65 
 1588      6420696E 
 1588      7400
 1589              	.LASF0:
 1590 0149 7369676E 		.ascii	"signed char\000"
 1590      65642063 
 1590      68617200 
ARM GAS  C:\Users\nikla\AppData\Local\Temp\ccmHT1p2.s 			page 38


 1591              	.LASF48:
 1592 0155 49544D5F 		.ascii	"ITM_RxBuffer\000"
 1592      52784275 
 1592      66666572 
 1592      00
 1593              	.LASF36:
 1594 0162 6D6F746F 		.ascii	"motor_forward\000"
 1594      725F666F 
 1594      72776172 
 1594      6400
 1595              	.LASF19:
 1596 0170 76626174 		.ascii	"vbat\000"
 1596      00
 1597              	.LASF14:
 1598 0175 646F7562 		.ascii	"double\000"
 1598      6C6500
 1599              	.LASF38:
 1600 017c 6D6F746F 		.ascii	"motor_stop\000"
 1600      725F7374 
 1600      6F7000
 1601              	.LASF25:
 1602 0187 6D61696E 		.ascii	"main\000"
 1602      00
 1603              	.LASF21:
 1604 018c 63686563 		.ascii	"checkVoltage\000"
 1604      6B566F6C 
 1604      74616765 
 1604      00
 1605              	.LASF43:
 1606 0199 55415254 		.ascii	"UART_1_PutChar\000"
 1606      5F315F50 
 1606      75744368 
 1606      617200
 1607              	.LASF8:
 1608 01a8 756E7369 		.ascii	"unsigned int\000"
 1608      676E6564 
 1608      20696E74 
 1608      00
 1609              	.LASF41:
 1610 01b5 4144435F 		.ascii	"ADC_Battery_GetResult16\000"
 1610      42617474 
 1610      6572795F 
 1610      47657452 
 1610      6573756C 
 1611              	.LASF7:
 1612 01cd 6C6F6E67 		.ascii	"long long unsigned int\000"
 1612      206C6F6E 
 1612      6720756E 
 1612      7369676E 
 1612      65642069 
 1613              	.LASF35:
 1614 01e4 6D6F746F 		.ascii	"motor_start\000"
 1614      725F7374 
 1614      61727400 
 1615              	.LASF40:
 1616 01f0 4144435F 		.ascii	"ADC_Battery_IsEndConversion\000"
 1616      42617474 
ARM GAS  C:\Users\nikla\AppData\Local\Temp\ccmHT1p2.s 			page 39


 1616      6572795F 
 1616      4973456E 
 1616      64436F6E 
 1617              	.LASF50:
 1618 020c 5F5F6275 		.ascii	"__builtin_puts\000"
 1618      696C7469 
 1618      6E5F7075 
 1618      747300
 1619              	.LASF16:
 1620 021b 6C6F6E67 		.ascii	"long double\000"
 1620      20646F75 
 1620      626C6500 
 1621              	.LASF26:
 1622 0227 5F777269 		.ascii	"_write\000"
 1622      746500
 1623              	.LASF17:
 1624 022e 73697A65 		.ascii	"sizetype\000"
 1624      74797065 
 1624      00
 1625              	.LASF6:
 1626 0237 6C6F6E67 		.ascii	"long long int\000"
 1626      206C6F6E 
 1626      6720696E 
 1626      7400
 1627              	.LASF32:
 1628 0245 42617474 		.ascii	"BatteryLed_Write\000"
 1628      6572794C 
 1628      65645F57 
 1628      72697465 
 1628      00
 1629              	.LASF46:
 1630 0256 6D61696E 		.ascii	"main.c\000"
 1630      2E6300
 1631              	.LASF15:
 1632 025d 63686172 		.ascii	"char\000"
 1632      00
 1633              	.LASF18:
 1634 0262 61646372 		.ascii	"adcresult\000"
 1634      6573756C 
 1634      7400
 1635              	.LASF42:
 1636 026c 7072696E 		.ascii	"printf\000"
 1636      746600
 1637              	.LASF29:
 1638 0273 636F756E 		.ascii	"count\000"
 1638      7400
 1639              	.LASF2:
 1640 0279 73686F72 		.ascii	"short int\000"
 1640      7420696E 
 1640      7400
 1641              	.LASF11:
 1642 0283 75696E74 		.ascii	"uint8\000"
 1642      3800
 1643              	.LASF33:
 1644 0289 5357315F 		.ascii	"SW1_Read\000"
 1644      52656164 
 1644      00
ARM GAS  C:\Users\nikla\AppData\Local\Temp\ccmHT1p2.s 			page 40


 1645              	.LASF4:
 1646 0292 6C6F6E67 		.ascii	"long int\000"
 1646      20696E74 
 1646      00
 1647              	.LASF20:
 1648 029b 62757474 		.ascii	"button\000"
 1648      6F6E00
 1649              	.LASF49:
 1650 02a2 70757473 		.ascii	"puts\000"
 1650      00
 1651              	.LASF37:
 1652 02a7 6D6F746F 		.ascii	"motor_turn\000"
 1652      725F7475 
 1652      726E00
 1653              	.LASF39:
 1654 02b2 4144435F 		.ascii	"ADC_Battery_StartConvert\000"
 1654      42617474 
 1654      6572795F 
 1654      53746172 
 1654      74436F6E 
 1655              	.LASF24:
 1656 02cb 5F426F6F 		.ascii	"_Bool\000"
 1656      6C00
 1657              	.LASF34:
 1658 02d1 43794465 		.ascii	"CyDelay\000"
 1658      6C617900 
 1659              	.LASF44:
 1660 02d9 55415254 		.ascii	"UART_1_GetChar\000"
 1660      5F315F47 
 1660      65744368 
 1660      617200
 1661              		.ident	"GCC: (GNU Tools for ARM Embedded Processors) 5.4.1 20160609 (release) [ARM/embedded-5-bran
