ARM GAS  C:\Users\leevi\AppData\Local\Temp\ccuVB551.s 			page 1


   1              		.syntax unified
   2              		.cpu cortex-m3
   3              		.fpu softvfp
   4              		.eabi_attribute 20, 1
   5              		.eabi_attribute 21, 1
   6              		.eabi_attribute 23, 3
   7              		.eabi_attribute 24, 1
   8              		.eabi_attribute 25, 1
   9              		.eabi_attribute 26, 1
  10              		.eabi_attribute 30, 1
  11              		.eabi_attribute 34, 1
  12              		.eabi_attribute 18, 4
  13              		.thumb
  14              		.syntax unified
  15              		.file	"Motor.c"
  16              		.text
  17              	.Ltext0:
  18              		.cfi_sections	.debug_frame
  19              		.section	.text.motor_start,"ax",%progbits
  20              		.align	2
  21              		.global	motor_start
  22              		.thumb
  23              		.thumb_func
  24              		.type	motor_start, %function
  25              	motor_start:
  26              	.LFB63:
  27              		.file 1 "ZumoLibrary\\Motor.c"
   1:ZumoLibrary/Motor.c **** /**
   2:ZumoLibrary/Motor.c ****  * @file    Motor.c
   3:ZumoLibrary/Motor.c ****  * @brief   Basic methods for operating motor sensor. For more details, please refer to Motor.h fil
   4:ZumoLibrary/Motor.c ****  * @details included in Zumo shield
   5:ZumoLibrary/Motor.c **** */
   6:ZumoLibrary/Motor.c **** #include "Motor.h"
   7:ZumoLibrary/Motor.c **** 
   8:ZumoLibrary/Motor.c **** 
   9:ZumoLibrary/Motor.c **** /**
  10:ZumoLibrary/Motor.c **** * @brief    Starting motor sensors
  11:ZumoLibrary/Motor.c **** * @details  
  12:ZumoLibrary/Motor.c **** */
  13:ZumoLibrary/Motor.c **** void motor_start()
  14:ZumoLibrary/Motor.c **** {
  28              		.loc 1 14 0
  29              		.cfi_startproc
  30              		@ args = 0, pretend = 0, frame = 0
  31              		@ frame_needed = 0, uses_anonymous_args = 0
  32 0000 08B5     		push	{r3, lr}
  33              		.cfi_def_cfa_offset 8
  34              		.cfi_offset 3, -8
  35              		.cfi_offset 14, -4
  15:ZumoLibrary/Motor.c ****     PWM_Start();
  36              		.loc 1 15 0
  37 0002 FFF7FEFF 		bl	PWM_Start
  38              	.LVL0:
  39 0006 08BD     		pop	{r3, pc}
  40              		.cfi_endproc
  41              	.LFE63:
  42              		.size	motor_start, .-motor_start
ARM GAS  C:\Users\leevi\AppData\Local\Temp\ccuVB551.s 			page 2


  43              		.section	.text.motor_stop,"ax",%progbits
  44              		.align	2
  45              		.global	motor_stop
  46              		.thumb
  47              		.thumb_func
  48              		.type	motor_stop, %function
  49              	motor_stop:
  50              	.LFB64:
  16:ZumoLibrary/Motor.c **** }
  17:ZumoLibrary/Motor.c **** 
  18:ZumoLibrary/Motor.c **** 
  19:ZumoLibrary/Motor.c **** /**
  20:ZumoLibrary/Motor.c **** * @brief    Stopping motor sensors
  21:ZumoLibrary/Motor.c **** * @details
  22:ZumoLibrary/Motor.c **** */
  23:ZumoLibrary/Motor.c **** void motor_stop()
  24:ZumoLibrary/Motor.c **** {
  51              		.loc 1 24 0
  52              		.cfi_startproc
  53              		@ args = 0, pretend = 0, frame = 0
  54              		@ frame_needed = 0, uses_anonymous_args = 0
  55 0000 08B5     		push	{r3, lr}
  56              		.cfi_def_cfa_offset 8
  57              		.cfi_offset 3, -8
  58              		.cfi_offset 14, -4
  25:ZumoLibrary/Motor.c ****     PWM_Stop();
  59              		.loc 1 25 0
  60 0002 FFF7FEFF 		bl	PWM_Stop
  61              	.LVL1:
  62 0006 08BD     		pop	{r3, pc}
  63              		.cfi_endproc
  64              	.LFE64:
  65              		.size	motor_stop, .-motor_stop
  66              		.section	.text.motor_forward,"ax",%progbits
  67              		.align	2
  68              		.global	motor_forward
  69              		.thumb
  70              		.thumb_func
  71              		.type	motor_forward, %function
  72              	motor_forward:
  73              	.LFB65:
  26:ZumoLibrary/Motor.c **** }
  27:ZumoLibrary/Motor.c **** 
  28:ZumoLibrary/Motor.c **** 
  29:ZumoLibrary/Motor.c **** /**
  30:ZumoLibrary/Motor.c **** * @brief    Moving motors forward
  31:ZumoLibrary/Motor.c **** * @details  giveing same speed to each side of PWM to make motors go forward
  32:ZumoLibrary/Motor.c **** * @param    uint8 speed : speed value
  33:ZumoLibrary/Motor.c **** * @param    uint32 delay : delay time
  34:ZumoLibrary/Motor.c **** */
  35:ZumoLibrary/Motor.c **** void motor_forward(uint8 speed,uint32 delay)
  36:ZumoLibrary/Motor.c **** {
  74              		.loc 1 36 0
  75              		.cfi_startproc
  76              		@ args = 0, pretend = 0, frame = 0
  77              		@ frame_needed = 0, uses_anonymous_args = 0
  78              	.LVL2:
ARM GAS  C:\Users\leevi\AppData\Local\Temp\ccuVB551.s 			page 3


  79 0000 38B5     		push	{r3, r4, r5, lr}
  80              		.cfi_def_cfa_offset 16
  81              		.cfi_offset 3, -16
  82              		.cfi_offset 4, -12
  83              		.cfi_offset 5, -8
  84              		.cfi_offset 14, -4
  85 0002 0446     		mov	r4, r0
  86 0004 0D46     		mov	r5, r1
  37:ZumoLibrary/Motor.c ****     MotorDirLeft_Write(0);      // set LeftMotor forward mode
  87              		.loc 1 37 0
  88 0006 0020     		movs	r0, #0
  89              	.LVL3:
  90 0008 FFF7FEFF 		bl	MotorDirLeft_Write
  91              	.LVL4:
  38:ZumoLibrary/Motor.c ****     MotorDirRight_Write(0);     // set RightMotor forward mode
  92              		.loc 1 38 0
  93 000c 0020     		movs	r0, #0
  94 000e FFF7FEFF 		bl	MotorDirRight_Write
  95              	.LVL5:
  39:ZumoLibrary/Motor.c ****     PWM_WriteCompare1(speed); 
  96              		.loc 1 39 0
  97 0012 2046     		mov	r0, r4
  98 0014 FFF7FEFF 		bl	PWM_WriteCompare1
  99              	.LVL6:
  40:ZumoLibrary/Motor.c ****     PWM_WriteCompare2(speed); 
 100              		.loc 1 40 0
 101 0018 2046     		mov	r0, r4
 102 001a FFF7FEFF 		bl	PWM_WriteCompare2
 103              	.LVL7:
  41:ZumoLibrary/Motor.c ****     CyDelay(delay);
 104              		.loc 1 41 0
 105 001e 2846     		mov	r0, r5
 106 0020 FFF7FEFF 		bl	CyDelay
 107              	.LVL8:
 108 0024 38BD     		pop	{r3, r4, r5, pc}
 109              		.cfi_endproc
 110              	.LFE65:
 111              		.size	motor_forward, .-motor_forward
 112 0026 00BF     		.section	.text.motor_drive,"ax",%progbits
 113              		.align	2
 114              		.global	motor_drive
 115              		.thumb
 116              		.thumb_func
 117              		.type	motor_drive, %function
 118              	motor_drive:
 119              	.LFB66:
  42:ZumoLibrary/Motor.c **** }
  43:ZumoLibrary/Motor.c **** void motor_drive(uint8 l_dir, uint8 r_dir, uint8 l_speed,uint8 r_speed, uint32 delay){
 120              		.loc 1 43 0
 121              		.cfi_startproc
 122              		@ args = 4, pretend = 0, frame = 0
 123              		@ frame_needed = 0, uses_anonymous_args = 0
 124              	.LVL9:
 125 0000 70B5     		push	{r4, r5, r6, lr}
 126              		.cfi_def_cfa_offset 16
 127              		.cfi_offset 4, -16
 128              		.cfi_offset 5, -12
ARM GAS  C:\Users\leevi\AppData\Local\Temp\ccuVB551.s 			page 4


 129              		.cfi_offset 6, -8
 130              		.cfi_offset 14, -4
 131 0002 0E46     		mov	r6, r1
 132 0004 1546     		mov	r5, r2
 133 0006 1C46     		mov	r4, r3
  44:ZumoLibrary/Motor.c ****     MotorDirLeft_Write(l_dir);      // set LeftMotor forward mode
 134              		.loc 1 44 0
 135 0008 FFF7FEFF 		bl	MotorDirLeft_Write
 136              	.LVL10:
  45:ZumoLibrary/Motor.c ****     MotorDirRight_Write(r_dir);     // set RightMotor back mode
 137              		.loc 1 45 0
 138 000c 3046     		mov	r0, r6
 139 000e FFF7FEFF 		bl	MotorDirRight_Write
 140              	.LVL11:
  46:ZumoLibrary/Motor.c ****     PWM_WriteCompare1(l_speed); 
 141              		.loc 1 46 0
 142 0012 2846     		mov	r0, r5
 143 0014 FFF7FEFF 		bl	PWM_WriteCompare1
 144              	.LVL12:
  47:ZumoLibrary/Motor.c ****     PWM_WriteCompare2(r_speed); 
 145              		.loc 1 47 0
 146 0018 2046     		mov	r0, r4
 147 001a FFF7FEFF 		bl	PWM_WriteCompare2
 148              	.LVL13:
  48:ZumoLibrary/Motor.c ****     CyDelay(delay);
 149              		.loc 1 48 0
 150 001e 0498     		ldr	r0, [sp, #16]
 151 0020 FFF7FEFF 		bl	CyDelay
 152              	.LVL14:
 153 0024 70BD     		pop	{r4, r5, r6, pc}
 154              		.cfi_endproc
 155              	.LFE66:
 156              		.size	motor_drive, .-motor_drive
 157 0026 00BF     		.section	.text.motor_turn,"ax",%progbits
 158              		.align	2
 159              		.global	motor_turn
 160              		.thumb
 161              		.thumb_func
 162              		.type	motor_turn, %function
 163              	motor_turn:
 164              	.LFB67:
  49:ZumoLibrary/Motor.c **** }
  50:ZumoLibrary/Motor.c **** 
  51:ZumoLibrary/Motor.c **** /**
  52:ZumoLibrary/Motor.c **** * @brief    Moving motors to make a turn 
  53:ZumoLibrary/Motor.c **** * @details  moving left when l_speed < r_speed or moving right when l_speed > r_speed
  54:ZumoLibrary/Motor.c **** * @param    uint8 l_speed : left motor speed value
  55:ZumoLibrary/Motor.c **** * @param    uint8 r_speed : right motor speed value
  56:ZumoLibrary/Motor.c **** * @param    uint32 delay : delay time
  57:ZumoLibrary/Motor.c **** */
  58:ZumoLibrary/Motor.c **** void motor_turn(uint8 l_speed, uint8 r_speed, uint32 delay)
  59:ZumoLibrary/Motor.c **** {
 165              		.loc 1 59 0
 166              		.cfi_startproc
 167              		@ args = 0, pretend = 0, frame = 0
 168              		@ frame_needed = 0, uses_anonymous_args = 0
 169              	.LVL15:
ARM GAS  C:\Users\leevi\AppData\Local\Temp\ccuVB551.s 			page 5


 170 0000 38B5     		push	{r3, r4, r5, lr}
 171              		.cfi_def_cfa_offset 16
 172              		.cfi_offset 3, -16
 173              		.cfi_offset 4, -12
 174              		.cfi_offset 5, -8
 175              		.cfi_offset 14, -4
 176 0002 0D46     		mov	r5, r1
 177 0004 1446     		mov	r4, r2
  60:ZumoLibrary/Motor.c ****     PWM_WriteCompare1(l_speed); 
 178              		.loc 1 60 0
 179 0006 FFF7FEFF 		bl	PWM_WriteCompare1
 180              	.LVL16:
  61:ZumoLibrary/Motor.c ****     PWM_WriteCompare2(r_speed); 
 181              		.loc 1 61 0
 182 000a 2846     		mov	r0, r5
 183 000c FFF7FEFF 		bl	PWM_WriteCompare2
 184              	.LVL17:
  62:ZumoLibrary/Motor.c ****     CyDelay(delay);
 185              		.loc 1 62 0
 186 0010 2046     		mov	r0, r4
 187 0012 FFF7FEFF 		bl	CyDelay
 188              	.LVL18:
 189 0016 38BD     		pop	{r3, r4, r5, pc}
 190              		.cfi_endproc
 191              	.LFE67:
 192              		.size	motor_turn, .-motor_turn
 193              		.section	.text.motor_backward,"ax",%progbits
 194              		.align	2
 195              		.global	motor_backward
 196              		.thumb
 197              		.thumb_func
 198              		.type	motor_backward, %function
 199              	motor_backward:
 200              	.LFB68:
  63:ZumoLibrary/Motor.c **** }
  64:ZumoLibrary/Motor.c **** 
  65:ZumoLibrary/Motor.c **** 
  66:ZumoLibrary/Motor.c **** /**
  67:ZumoLibrary/Motor.c **** * @brief    Moving motors backward
  68:ZumoLibrary/Motor.c **** * @details  setting backward mode to each motors and gives same speed to each side of PWM
  69:ZumoLibrary/Motor.c **** * @param    uint8 speed : speed value
  70:ZumoLibrary/Motor.c **** * @param    uint32 delay : delay time
  71:ZumoLibrary/Motor.c **** */
  72:ZumoLibrary/Motor.c **** void motor_backward(uint8 speed,uint32 delay)
  73:ZumoLibrary/Motor.c **** {
 201              		.loc 1 73 0
 202              		.cfi_startproc
 203              		@ args = 0, pretend = 0, frame = 0
 204              		@ frame_needed = 0, uses_anonymous_args = 0
 205              	.LVL19:
 206 0000 38B5     		push	{r3, r4, r5, lr}
 207              		.cfi_def_cfa_offset 16
 208              		.cfi_offset 3, -16
 209              		.cfi_offset 4, -12
 210              		.cfi_offset 5, -8
 211              		.cfi_offset 14, -4
 212 0002 0446     		mov	r4, r0
ARM GAS  C:\Users\leevi\AppData\Local\Temp\ccuVB551.s 			page 6


 213 0004 0D46     		mov	r5, r1
  74:ZumoLibrary/Motor.c ****     MotorDirLeft_Write(1);      // set LeftMotor backward mode
 214              		.loc 1 74 0
 215 0006 0120     		movs	r0, #1
 216              	.LVL20:
 217 0008 FFF7FEFF 		bl	MotorDirLeft_Write
 218              	.LVL21:
  75:ZumoLibrary/Motor.c ****     MotorDirRight_Write(1);     // set RightMotor backward mode
 219              		.loc 1 75 0
 220 000c 0120     		movs	r0, #1
 221 000e FFF7FEFF 		bl	MotorDirRight_Write
 222              	.LVL22:
  76:ZumoLibrary/Motor.c ****     PWM_WriteCompare1(speed); 
 223              		.loc 1 76 0
 224 0012 2046     		mov	r0, r4
 225 0014 FFF7FEFF 		bl	PWM_WriteCompare1
 226              	.LVL23:
  77:ZumoLibrary/Motor.c ****     PWM_WriteCompare2(speed); 
 227              		.loc 1 77 0
 228 0018 2046     		mov	r0, r4
 229 001a FFF7FEFF 		bl	PWM_WriteCompare2
 230              	.LVL24:
  78:ZumoLibrary/Motor.c ****     CyDelay(delay);
 231              		.loc 1 78 0
 232 001e 2846     		mov	r0, r5
 233 0020 FFF7FEFF 		bl	CyDelay
 234              	.LVL25:
 235 0024 38BD     		pop	{r3, r4, r5, pc}
 236              		.cfi_endproc
 237              	.LFE68:
 238              		.size	motor_backward, .-motor_backward
 239 0026 00BF     		.text
 240              	.Letext0:
 241              		.file 2 "c:\\program files (x86)\\cypress\\psoc creator\\4.1\\psoc creator\\import\\gnu\\arm\\5.4.
 242              		.file 3 "c:\\program files (x86)\\cypress\\psoc creator\\4.1\\psoc creator\\import\\gnu\\arm\\5.4.
 243              		.file 4 "Generated_Source\\PSoC5/cytypes.h"
 244              		.file 5 "Generated_Source\\PSoC5/PWM.h"
 245              		.file 6 "Generated_Source\\PSoC5/MotorDirLeft.h"
 246              		.file 7 "Generated_Source\\PSoC5/MotorDirRight.h"
 247              		.file 8 "Generated_Source\\PSoC5/CyLib.h"
 248              		.file 9 "Generated_Source\\PSoC5/core_cm3.h"
 249              		.section	.debug_info,"",%progbits
 250              	.Ldebug_info0:
 251 0000 9F030000 		.4byte	0x39f
 252 0004 0400     		.2byte	0x4
 253 0006 00000000 		.4byte	.Ldebug_abbrev0
 254 000a 04       		.byte	0x4
 255 000b 01       		.uleb128 0x1
 256 000c 69000000 		.4byte	.LASF37
 257 0010 0C       		.byte	0xc
 258 0011 4F010000 		.4byte	.LASF38
 259 0015 17020000 		.4byte	.LASF39
 260 0019 00000000 		.4byte	.Ldebug_ranges0+0
 261 001d 00000000 		.4byte	0
 262 0021 00000000 		.4byte	.Ldebug_line0
 263 0025 02       		.uleb128 0x2
 264 0026 01       		.byte	0x1
ARM GAS  C:\Users\leevi\AppData\Local\Temp\ccuVB551.s 			page 7


 265 0027 06       		.byte	0x6
 266 0028 C6010000 		.4byte	.LASF0
 267 002c 02       		.uleb128 0x2
 268 002d 01       		.byte	0x1
 269 002e 08       		.byte	0x8
 270 002f 5B000000 		.4byte	.LASF1
 271 0033 02       		.uleb128 0x2
 272 0034 02       		.byte	0x2
 273 0035 05       		.byte	0x5
 274 0036 FA010000 		.4byte	.LASF2
 275 003a 02       		.uleb128 0x2
 276 003b 02       		.byte	0x2
 277 003c 07       		.byte	0x7
 278 003d 69020000 		.4byte	.LASF3
 279 0041 03       		.uleb128 0x3
 280 0042 00000000 		.4byte	.LASF9
 281 0046 02       		.byte	0x2
 282 0047 3F       		.byte	0x3f
 283 0048 4C000000 		.4byte	0x4c
 284 004c 02       		.uleb128 0x2
 285 004d 04       		.byte	0x4
 286 004e 05       		.byte	0x5
 287 004f 49020000 		.4byte	.LASF4
 288 0053 02       		.uleb128 0x2
 289 0054 04       		.byte	0x4
 290 0055 07       		.byte	0x7
 291 0056 F7000000 		.4byte	.LASF5
 292 005a 02       		.uleb128 0x2
 293 005b 08       		.byte	0x8
 294 005c 05       		.byte	0x5
 295 005d E7010000 		.4byte	.LASF6
 296 0061 02       		.uleb128 0x2
 297 0062 08       		.byte	0x8
 298 0063 07       		.byte	0x7
 299 0064 7F010000 		.4byte	.LASF7
 300 0068 04       		.uleb128 0x4
 301 0069 04       		.byte	0x4
 302 006a 05       		.byte	0x5
 303 006b 696E7400 		.ascii	"int\000"
 304 006f 02       		.uleb128 0x2
 305 0070 04       		.byte	0x4
 306 0071 07       		.byte	0x7
 307 0072 6A010000 		.4byte	.LASF8
 308 0076 03       		.uleb128 0x3
 309 0077 3B000000 		.4byte	.LASF10
 310 007b 03       		.byte	0x3
 311 007c 2C       		.byte	0x2c
 312 007d 41000000 		.4byte	0x41
 313 0081 05       		.uleb128 0x5
 314 0082 35000000 		.4byte	.LASF11
 315 0086 04       		.byte	0x4
 316 0087 9201     		.2byte	0x192
 317 0089 2C000000 		.4byte	0x2c
 318 008d 05       		.uleb128 0x5
 319 008e 63010000 		.4byte	.LASF12
 320 0092 04       		.byte	0x4
 321 0093 9401     		.2byte	0x194
ARM GAS  C:\Users\leevi\AppData\Local\Temp\ccuVB551.s 			page 8


 322 0095 53000000 		.4byte	0x53
 323 0099 02       		.uleb128 0x2
 324 009a 04       		.byte	0x4
 325 009b 04       		.byte	0x4
 326 009c 43000000 		.4byte	.LASF13
 327 00a0 02       		.uleb128 0x2
 328 00a1 08       		.byte	0x8
 329 00a2 04       		.byte	0x4
 330 00a3 3D010000 		.4byte	.LASF14
 331 00a7 02       		.uleb128 0x2
 332 00a8 01       		.byte	0x1
 333 00a9 08       		.byte	0x8
 334 00aa F5010000 		.4byte	.LASF15
 335 00ae 02       		.uleb128 0x2
 336 00af 08       		.byte	0x8
 337 00b0 04       		.byte	0x4
 338 00b1 52020000 		.4byte	.LASF16
 339 00b5 02       		.uleb128 0x2
 340 00b6 04       		.byte	0x4
 341 00b7 07       		.byte	0x7
 342 00b8 D8010000 		.4byte	.LASF17
 343 00bc 06       		.uleb128 0x6
 344 00bd 96010000 		.4byte	.LASF18
 345 00c1 01       		.byte	0x1
 346 00c2 0D       		.byte	0xd
 347 00c3 00000000 		.4byte	.LFB63
 348 00c7 08000000 		.4byte	.LFE63-.LFB63
 349 00cb 01       		.uleb128 0x1
 350 00cc 9C       		.byte	0x9c
 351 00cd DB000000 		.4byte	0xdb
 352 00d1 07       		.uleb128 0x7
 353 00d2 06000000 		.4byte	.LVL0
 354 00d6 55030000 		.4byte	0x355
 355 00da 00       		.byte	0
 356 00db 06       		.uleb128 0x6
 357 00dc 44010000 		.4byte	.LASF19
 358 00e0 01       		.byte	0x1
 359 00e1 17       		.byte	0x17
 360 00e2 00000000 		.4byte	.LFB64
 361 00e6 08000000 		.4byte	.LFE64-.LFB64
 362 00ea 01       		.uleb128 0x1
 363 00eb 9C       		.byte	0x9c
 364 00ec FA000000 		.4byte	0xfa
 365 00f0 07       		.uleb128 0x7
 366 00f1 06000000 		.4byte	.LVL1
 367 00f5 60030000 		.4byte	0x360
 368 00f9 00       		.byte	0
 369 00fa 08       		.uleb128 0x8
 370 00fb 2F010000 		.4byte	.LASF22
 371 00ff 01       		.byte	0x1
 372 0100 23       		.byte	0x23
 373 0101 00000000 		.4byte	.LFB65
 374 0105 26000000 		.4byte	.LFE65-.LFB65
 375 0109 01       		.uleb128 0x1
 376 010a 9C       		.byte	0x9c
 377 010b 8C010000 		.4byte	0x18c
 378 010f 09       		.uleb128 0x9
ARM GAS  C:\Users\leevi\AppData\Local\Temp\ccuVB551.s 			page 9


 379 0110 D2010000 		.4byte	.LASF20
 380 0114 01       		.byte	0x1
 381 0115 23       		.byte	0x23
 382 0116 81000000 		.4byte	0x81
 383 011a 00000000 		.4byte	.LLST0
 384 011e 09       		.uleb128 0x9
 385 011f 55000000 		.4byte	.LASF21
 386 0123 01       		.byte	0x1
 387 0124 23       		.byte	0x23
 388 0125 8D000000 		.4byte	0x8d
 389 0129 21000000 		.4byte	.LLST1
 390 012d 0A       		.uleb128 0xa
 391 012e 0C000000 		.4byte	.LVL4
 392 0132 6B030000 		.4byte	0x36b
 393 0136 40010000 		.4byte	0x140
 394 013a 0B       		.uleb128 0xb
 395 013b 01       		.uleb128 0x1
 396 013c 50       		.byte	0x50
 397 013d 01       		.uleb128 0x1
 398 013e 30       		.byte	0x30
 399 013f 00       		.byte	0
 400 0140 0A       		.uleb128 0xa
 401 0141 12000000 		.4byte	.LVL5
 402 0145 76030000 		.4byte	0x376
 403 0149 53010000 		.4byte	0x153
 404 014d 0B       		.uleb128 0xb
 405 014e 01       		.uleb128 0x1
 406 014f 50       		.byte	0x50
 407 0150 01       		.uleb128 0x1
 408 0151 30       		.byte	0x30
 409 0152 00       		.byte	0
 410 0153 0A       		.uleb128 0xa
 411 0154 18000000 		.4byte	.LVL6
 412 0158 81030000 		.4byte	0x381
 413 015c 67010000 		.4byte	0x167
 414 0160 0B       		.uleb128 0xb
 415 0161 01       		.uleb128 0x1
 416 0162 50       		.byte	0x50
 417 0163 02       		.uleb128 0x2
 418 0164 74       		.byte	0x74
 419 0165 00       		.sleb128 0
 420 0166 00       		.byte	0
 421 0167 0A       		.uleb128 0xa
 422 0168 1E000000 		.4byte	.LVL7
 423 016c 8C030000 		.4byte	0x38c
 424 0170 7B010000 		.4byte	0x17b
 425 0174 0B       		.uleb128 0xb
 426 0175 01       		.uleb128 0x1
 427 0176 50       		.byte	0x50
 428 0177 02       		.uleb128 0x2
 429 0178 74       		.byte	0x74
 430 0179 00       		.sleb128 0
 431 017a 00       		.byte	0
 432 017b 0C       		.uleb128 0xc
 433 017c 24000000 		.4byte	.LVL8
 434 0180 97030000 		.4byte	0x397
 435 0184 0B       		.uleb128 0xb
ARM GAS  C:\Users\leevi\AppData\Local\Temp\ccuVB551.s 			page 10


 436 0185 01       		.uleb128 0x1
 437 0186 50       		.byte	0x50
 438 0187 02       		.uleb128 0x2
 439 0188 75       		.byte	0x75
 440 0189 00       		.sleb128 0
 441 018a 00       		.byte	0
 442 018b 00       		.byte	0
 443 018c 08       		.uleb128 0x8
 444 018d 49000000 		.4byte	.LASF23
 445 0191 01       		.byte	0x1
 446 0192 2B       		.byte	0x2b
 447 0193 00000000 		.4byte	.LFB66
 448 0197 26000000 		.4byte	.LFE66-.LFB66
 449 019b 01       		.uleb128 0x1
 450 019c 9C       		.byte	0x9c
 451 019d 42020000 		.4byte	0x242
 452 01a1 09       		.uleb128 0x9
 453 01a2 09010000 		.4byte	.LASF24
 454 01a6 01       		.byte	0x1
 455 01a7 2B       		.byte	0x2b
 456 01a8 81000000 		.4byte	0x81
 457 01ac 3F000000 		.4byte	.LLST2
 458 01b0 09       		.uleb128 0x9
 459 01b1 E1010000 		.4byte	.LASF25
 460 01b5 01       		.byte	0x1
 461 01b6 2B       		.byte	0x2b
 462 01b7 81000000 		.4byte	0x81
 463 01bb 60000000 		.4byte	.LLST3
 464 01bf 09       		.uleb128 0x9
 465 01c0 77010000 		.4byte	.LASF26
 466 01c4 01       		.byte	0x1
 467 01c5 2B       		.byte	0x2b
 468 01c6 81000000 		.4byte	0x81
 469 01ca 81000000 		.4byte	.LLST4
 470 01ce 09       		.uleb128 0x9
 471 01cf 19000000 		.4byte	.LASF27
 472 01d3 01       		.byte	0x1
 473 01d4 2B       		.byte	0x2b
 474 01d5 81000000 		.4byte	0x81
 475 01d9 A2000000 		.4byte	.LLST5
 476 01dd 0D       		.uleb128 0xd
 477 01de 55000000 		.4byte	.LASF21
 478 01e2 01       		.byte	0x1
 479 01e3 2B       		.byte	0x2b
 480 01e4 8D000000 		.4byte	0x8d
 481 01e8 02       		.uleb128 0x2
 482 01e9 91       		.byte	0x91
 483 01ea 00       		.sleb128 0
 484 01eb 07       		.uleb128 0x7
 485 01ec 0C000000 		.4byte	.LVL10
 486 01f0 6B030000 		.4byte	0x36b
 487 01f4 0A       		.uleb128 0xa
 488 01f5 12000000 		.4byte	.LVL11
 489 01f9 76030000 		.4byte	0x376
 490 01fd 08020000 		.4byte	0x208
 491 0201 0B       		.uleb128 0xb
 492 0202 01       		.uleb128 0x1
ARM GAS  C:\Users\leevi\AppData\Local\Temp\ccuVB551.s 			page 11


 493 0203 50       		.byte	0x50
 494 0204 02       		.uleb128 0x2
 495 0205 76       		.byte	0x76
 496 0206 00       		.sleb128 0
 497 0207 00       		.byte	0
 498 0208 0A       		.uleb128 0xa
 499 0209 18000000 		.4byte	.LVL12
 500 020d 81030000 		.4byte	0x381
 501 0211 1C020000 		.4byte	0x21c
 502 0215 0B       		.uleb128 0xb
 503 0216 01       		.uleb128 0x1
 504 0217 50       		.byte	0x50
 505 0218 02       		.uleb128 0x2
 506 0219 75       		.byte	0x75
 507 021a 00       		.sleb128 0
 508 021b 00       		.byte	0
 509 021c 0A       		.uleb128 0xa
 510 021d 1E000000 		.4byte	.LVL13
 511 0221 8C030000 		.4byte	0x38c
 512 0225 30020000 		.4byte	0x230
 513 0229 0B       		.uleb128 0xb
 514 022a 01       		.uleb128 0x1
 515 022b 50       		.byte	0x50
 516 022c 02       		.uleb128 0x2
 517 022d 74       		.byte	0x74
 518 022e 00       		.sleb128 0
 519 022f 00       		.byte	0
 520 0230 0C       		.uleb128 0xc
 521 0231 24000000 		.4byte	.LVL14
 522 0235 97030000 		.4byte	0x397
 523 0239 0B       		.uleb128 0xb
 524 023a 01       		.uleb128 0x1
 525 023b 50       		.byte	0x50
 526 023c 03       		.uleb128 0x3
 527 023d 91       		.byte	0x91
 528 023e 00       		.sleb128 0
 529 023f 06       		.byte	0x6
 530 0240 00       		.byte	0
 531 0241 00       		.byte	0
 532 0242 08       		.uleb128 0x8
 533 0243 5E020000 		.4byte	.LASF28
 534 0247 01       		.byte	0x1
 535 0248 3A       		.byte	0x3a
 536 0249 00000000 		.4byte	.LFB67
 537 024d 18000000 		.4byte	.LFE67-.LFB67
 538 0251 01       		.uleb128 0x1
 539 0252 9C       		.byte	0x9c
 540 0253 B2020000 		.4byte	0x2b2
 541 0257 09       		.uleb128 0x9
 542 0258 77010000 		.4byte	.LASF26
 543 025c 01       		.byte	0x1
 544 025d 3A       		.byte	0x3a
 545 025e 81000000 		.4byte	0x81
 546 0262 C3000000 		.4byte	.LLST6
 547 0266 09       		.uleb128 0x9
 548 0267 19000000 		.4byte	.LASF27
 549 026b 01       		.byte	0x1
ARM GAS  C:\Users\leevi\AppData\Local\Temp\ccuVB551.s 			page 12


 550 026c 3A       		.byte	0x3a
 551 026d 81000000 		.4byte	0x81
 552 0271 E4000000 		.4byte	.LLST7
 553 0275 09       		.uleb128 0x9
 554 0276 55000000 		.4byte	.LASF21
 555 027a 01       		.byte	0x1
 556 027b 3A       		.byte	0x3a
 557 027c 8D000000 		.4byte	0x8d
 558 0280 05010000 		.4byte	.LLST8
 559 0284 07       		.uleb128 0x7
 560 0285 0A000000 		.4byte	.LVL16
 561 0289 81030000 		.4byte	0x381
 562 028d 0A       		.uleb128 0xa
 563 028e 10000000 		.4byte	.LVL17
 564 0292 8C030000 		.4byte	0x38c
 565 0296 A1020000 		.4byte	0x2a1
 566 029a 0B       		.uleb128 0xb
 567 029b 01       		.uleb128 0x1
 568 029c 50       		.byte	0x50
 569 029d 02       		.uleb128 0x2
 570 029e 75       		.byte	0x75
 571 029f 00       		.sleb128 0
 572 02a0 00       		.byte	0
 573 02a1 0C       		.uleb128 0xc
 574 02a2 16000000 		.4byte	.LVL18
 575 02a6 97030000 		.4byte	0x397
 576 02aa 0B       		.uleb128 0xb
 577 02ab 01       		.uleb128 0x1
 578 02ac 50       		.byte	0x50
 579 02ad 02       		.uleb128 0x2
 580 02ae 74       		.byte	0x74
 581 02af 00       		.sleb128 0
 582 02b0 00       		.byte	0
 583 02b1 00       		.byte	0
 584 02b2 08       		.uleb128 0x8
 585 02b3 0A000000 		.4byte	.LASF29
 586 02b7 01       		.byte	0x1
 587 02b8 48       		.byte	0x48
 588 02b9 00000000 		.4byte	.LFB68
 589 02bd 26000000 		.4byte	.LFE68-.LFB68
 590 02c1 01       		.uleb128 0x1
 591 02c2 9C       		.byte	0x9c
 592 02c3 44030000 		.4byte	0x344
 593 02c7 09       		.uleb128 0x9
 594 02c8 D2010000 		.4byte	.LASF20
 595 02cc 01       		.byte	0x1
 596 02cd 48       		.byte	0x48
 597 02ce 81000000 		.4byte	0x81
 598 02d2 23010000 		.4byte	.LLST9
 599 02d6 09       		.uleb128 0x9
 600 02d7 55000000 		.4byte	.LASF21
 601 02db 01       		.byte	0x1
 602 02dc 48       		.byte	0x48
 603 02dd 8D000000 		.4byte	0x8d
 604 02e1 44010000 		.4byte	.LLST10
 605 02e5 0A       		.uleb128 0xa
 606 02e6 0C000000 		.4byte	.LVL21
ARM GAS  C:\Users\leevi\AppData\Local\Temp\ccuVB551.s 			page 13


 607 02ea 6B030000 		.4byte	0x36b
 608 02ee F8020000 		.4byte	0x2f8
 609 02f2 0B       		.uleb128 0xb
 610 02f3 01       		.uleb128 0x1
 611 02f4 50       		.byte	0x50
 612 02f5 01       		.uleb128 0x1
 613 02f6 31       		.byte	0x31
 614 02f7 00       		.byte	0
 615 02f8 0A       		.uleb128 0xa
 616 02f9 12000000 		.4byte	.LVL22
 617 02fd 76030000 		.4byte	0x376
 618 0301 0B030000 		.4byte	0x30b
 619 0305 0B       		.uleb128 0xb
 620 0306 01       		.uleb128 0x1
 621 0307 50       		.byte	0x50
 622 0308 01       		.uleb128 0x1
 623 0309 31       		.byte	0x31
 624 030a 00       		.byte	0
 625 030b 0A       		.uleb128 0xa
 626 030c 18000000 		.4byte	.LVL23
 627 0310 81030000 		.4byte	0x381
 628 0314 1F030000 		.4byte	0x31f
 629 0318 0B       		.uleb128 0xb
 630 0319 01       		.uleb128 0x1
 631 031a 50       		.byte	0x50
 632 031b 02       		.uleb128 0x2
 633 031c 74       		.byte	0x74
 634 031d 00       		.sleb128 0
 635 031e 00       		.byte	0
 636 031f 0A       		.uleb128 0xa
 637 0320 1E000000 		.4byte	.LVL24
 638 0324 8C030000 		.4byte	0x38c
 639 0328 33030000 		.4byte	0x333
 640 032c 0B       		.uleb128 0xb
 641 032d 01       		.uleb128 0x1
 642 032e 50       		.byte	0x50
 643 032f 02       		.uleb128 0x2
 644 0330 74       		.byte	0x74
 645 0331 00       		.sleb128 0
 646 0332 00       		.byte	0
 647 0333 0C       		.uleb128 0xc
 648 0334 24000000 		.4byte	.LVL25
 649 0338 97030000 		.4byte	0x397
 650 033c 0B       		.uleb128 0xb
 651 033d 01       		.uleb128 0x1
 652 033e 50       		.byte	0x50
 653 033f 02       		.uleb128 0x2
 654 0340 75       		.byte	0x75
 655 0341 00       		.sleb128 0
 656 0342 00       		.byte	0
 657 0343 00       		.byte	0
 658 0344 0E       		.uleb128 0xe
 659 0345 22010000 		.4byte	.LASF40
 660 0349 09       		.byte	0x9
 661 034a 9606     		.2byte	0x696
 662 034c 50030000 		.4byte	0x350
 663 0350 0F       		.uleb128 0xf
ARM GAS  C:\Users\leevi\AppData\Local\Temp\ccuVB551.s 			page 14


 664 0351 76000000 		.4byte	0x76
 665 0355 10       		.uleb128 0x10
 666 0356 04020000 		.4byte	.LASF30
 667 035a 04020000 		.4byte	.LASF30
 668 035e 05       		.byte	0x5
 669 035f 92       		.byte	0x92
 670 0360 10       		.uleb128 0x10
 671 0361 0E020000 		.4byte	.LASF31
 672 0365 0E020000 		.4byte	.LASF31
 673 0369 05       		.byte	0x5
 674 036a 93       		.byte	0x93
 675 036b 10       		.uleb128 0x10
 676 036c 0F010000 		.4byte	.LASF32
 677 0370 0F010000 		.4byte	.LASF32
 678 0374 06       		.byte	0x6
 679 0375 26       		.byte	0x26
 680 0376 10       		.uleb128 0x10
 681 0377 21000000 		.4byte	.LASF33
 682 037b 21000000 		.4byte	.LASF33
 683 037f 07       		.byte	0x7
 684 0380 26       		.byte	0x26
 685 0381 10       		.uleb128 0x10
 686 0382 A2010000 		.4byte	.LASF34
 687 0386 A2010000 		.4byte	.LASF34
 688 038a 05       		.byte	0x5
 689 038b C7       		.byte	0xc7
 690 038c 10       		.uleb128 0x10
 691 038d B4010000 		.4byte	.LASF35
 692 0391 B4010000 		.4byte	.LASF35
 693 0395 05       		.byte	0x5
 694 0396 CA       		.byte	0xca
 695 0397 10       		.uleb128 0x10
 696 0398 7C020000 		.4byte	.LASF36
 697 039c 7C020000 		.4byte	.LASF36
 698 03a0 08       		.byte	0x8
 699 03a1 76       		.byte	0x76
 700 03a2 00       		.byte	0
 701              		.section	.debug_abbrev,"",%progbits
 702              	.Ldebug_abbrev0:
 703 0000 01       		.uleb128 0x1
 704 0001 11       		.uleb128 0x11
 705 0002 01       		.byte	0x1
 706 0003 25       		.uleb128 0x25
 707 0004 0E       		.uleb128 0xe
 708 0005 13       		.uleb128 0x13
 709 0006 0B       		.uleb128 0xb
 710 0007 03       		.uleb128 0x3
 711 0008 0E       		.uleb128 0xe
 712 0009 1B       		.uleb128 0x1b
 713 000a 0E       		.uleb128 0xe
 714 000b 55       		.uleb128 0x55
 715 000c 17       		.uleb128 0x17
 716 000d 11       		.uleb128 0x11
 717 000e 01       		.uleb128 0x1
 718 000f 10       		.uleb128 0x10
 719 0010 17       		.uleb128 0x17
 720 0011 00       		.byte	0
ARM GAS  C:\Users\leevi\AppData\Local\Temp\ccuVB551.s 			page 15


 721 0012 00       		.byte	0
 722 0013 02       		.uleb128 0x2
 723 0014 24       		.uleb128 0x24
 724 0015 00       		.byte	0
 725 0016 0B       		.uleb128 0xb
 726 0017 0B       		.uleb128 0xb
 727 0018 3E       		.uleb128 0x3e
 728 0019 0B       		.uleb128 0xb
 729 001a 03       		.uleb128 0x3
 730 001b 0E       		.uleb128 0xe
 731 001c 00       		.byte	0
 732 001d 00       		.byte	0
 733 001e 03       		.uleb128 0x3
 734 001f 16       		.uleb128 0x16
 735 0020 00       		.byte	0
 736 0021 03       		.uleb128 0x3
 737 0022 0E       		.uleb128 0xe
 738 0023 3A       		.uleb128 0x3a
 739 0024 0B       		.uleb128 0xb
 740 0025 3B       		.uleb128 0x3b
 741 0026 0B       		.uleb128 0xb
 742 0027 49       		.uleb128 0x49
 743 0028 13       		.uleb128 0x13
 744 0029 00       		.byte	0
 745 002a 00       		.byte	0
 746 002b 04       		.uleb128 0x4
 747 002c 24       		.uleb128 0x24
 748 002d 00       		.byte	0
 749 002e 0B       		.uleb128 0xb
 750 002f 0B       		.uleb128 0xb
 751 0030 3E       		.uleb128 0x3e
 752 0031 0B       		.uleb128 0xb
 753 0032 03       		.uleb128 0x3
 754 0033 08       		.uleb128 0x8
 755 0034 00       		.byte	0
 756 0035 00       		.byte	0
 757 0036 05       		.uleb128 0x5
 758 0037 16       		.uleb128 0x16
 759 0038 00       		.byte	0
 760 0039 03       		.uleb128 0x3
 761 003a 0E       		.uleb128 0xe
 762 003b 3A       		.uleb128 0x3a
 763 003c 0B       		.uleb128 0xb
 764 003d 3B       		.uleb128 0x3b
 765 003e 05       		.uleb128 0x5
 766 003f 49       		.uleb128 0x49
 767 0040 13       		.uleb128 0x13
 768 0041 00       		.byte	0
 769 0042 00       		.byte	0
 770 0043 06       		.uleb128 0x6
 771 0044 2E       		.uleb128 0x2e
 772 0045 01       		.byte	0x1
 773 0046 3F       		.uleb128 0x3f
 774 0047 19       		.uleb128 0x19
 775 0048 03       		.uleb128 0x3
 776 0049 0E       		.uleb128 0xe
 777 004a 3A       		.uleb128 0x3a
ARM GAS  C:\Users\leevi\AppData\Local\Temp\ccuVB551.s 			page 16


 778 004b 0B       		.uleb128 0xb
 779 004c 3B       		.uleb128 0x3b
 780 004d 0B       		.uleb128 0xb
 781 004e 11       		.uleb128 0x11
 782 004f 01       		.uleb128 0x1
 783 0050 12       		.uleb128 0x12
 784 0051 06       		.uleb128 0x6
 785 0052 40       		.uleb128 0x40
 786 0053 18       		.uleb128 0x18
 787 0054 9742     		.uleb128 0x2117
 788 0056 19       		.uleb128 0x19
 789 0057 01       		.uleb128 0x1
 790 0058 13       		.uleb128 0x13
 791 0059 00       		.byte	0
 792 005a 00       		.byte	0
 793 005b 07       		.uleb128 0x7
 794 005c 898201   		.uleb128 0x4109
 795 005f 00       		.byte	0
 796 0060 11       		.uleb128 0x11
 797 0061 01       		.uleb128 0x1
 798 0062 31       		.uleb128 0x31
 799 0063 13       		.uleb128 0x13
 800 0064 00       		.byte	0
 801 0065 00       		.byte	0
 802 0066 08       		.uleb128 0x8
 803 0067 2E       		.uleb128 0x2e
 804 0068 01       		.byte	0x1
 805 0069 3F       		.uleb128 0x3f
 806 006a 19       		.uleb128 0x19
 807 006b 03       		.uleb128 0x3
 808 006c 0E       		.uleb128 0xe
 809 006d 3A       		.uleb128 0x3a
 810 006e 0B       		.uleb128 0xb
 811 006f 3B       		.uleb128 0x3b
 812 0070 0B       		.uleb128 0xb
 813 0071 27       		.uleb128 0x27
 814 0072 19       		.uleb128 0x19
 815 0073 11       		.uleb128 0x11
 816 0074 01       		.uleb128 0x1
 817 0075 12       		.uleb128 0x12
 818 0076 06       		.uleb128 0x6
 819 0077 40       		.uleb128 0x40
 820 0078 18       		.uleb128 0x18
 821 0079 9742     		.uleb128 0x2117
 822 007b 19       		.uleb128 0x19
 823 007c 01       		.uleb128 0x1
 824 007d 13       		.uleb128 0x13
 825 007e 00       		.byte	0
 826 007f 00       		.byte	0
 827 0080 09       		.uleb128 0x9
 828 0081 05       		.uleb128 0x5
 829 0082 00       		.byte	0
 830 0083 03       		.uleb128 0x3
 831 0084 0E       		.uleb128 0xe
 832 0085 3A       		.uleb128 0x3a
 833 0086 0B       		.uleb128 0xb
 834 0087 3B       		.uleb128 0x3b
ARM GAS  C:\Users\leevi\AppData\Local\Temp\ccuVB551.s 			page 17


 835 0088 0B       		.uleb128 0xb
 836 0089 49       		.uleb128 0x49
 837 008a 13       		.uleb128 0x13
 838 008b 02       		.uleb128 0x2
 839 008c 17       		.uleb128 0x17
 840 008d 00       		.byte	0
 841 008e 00       		.byte	0
 842 008f 0A       		.uleb128 0xa
 843 0090 898201   		.uleb128 0x4109
 844 0093 01       		.byte	0x1
 845 0094 11       		.uleb128 0x11
 846 0095 01       		.uleb128 0x1
 847 0096 31       		.uleb128 0x31
 848 0097 13       		.uleb128 0x13
 849 0098 01       		.uleb128 0x1
 850 0099 13       		.uleb128 0x13
 851 009a 00       		.byte	0
 852 009b 00       		.byte	0
 853 009c 0B       		.uleb128 0xb
 854 009d 8A8201   		.uleb128 0x410a
 855 00a0 00       		.byte	0
 856 00a1 02       		.uleb128 0x2
 857 00a2 18       		.uleb128 0x18
 858 00a3 9142     		.uleb128 0x2111
 859 00a5 18       		.uleb128 0x18
 860 00a6 00       		.byte	0
 861 00a7 00       		.byte	0
 862 00a8 0C       		.uleb128 0xc
 863 00a9 898201   		.uleb128 0x4109
 864 00ac 01       		.byte	0x1
 865 00ad 11       		.uleb128 0x11
 866 00ae 01       		.uleb128 0x1
 867 00af 31       		.uleb128 0x31
 868 00b0 13       		.uleb128 0x13
 869 00b1 00       		.byte	0
 870 00b2 00       		.byte	0
 871 00b3 0D       		.uleb128 0xd
 872 00b4 05       		.uleb128 0x5
 873 00b5 00       		.byte	0
 874 00b6 03       		.uleb128 0x3
 875 00b7 0E       		.uleb128 0xe
 876 00b8 3A       		.uleb128 0x3a
 877 00b9 0B       		.uleb128 0xb
 878 00ba 3B       		.uleb128 0x3b
 879 00bb 0B       		.uleb128 0xb
 880 00bc 49       		.uleb128 0x49
 881 00bd 13       		.uleb128 0x13
 882 00be 02       		.uleb128 0x2
 883 00bf 18       		.uleb128 0x18
 884 00c0 00       		.byte	0
 885 00c1 00       		.byte	0
 886 00c2 0E       		.uleb128 0xe
 887 00c3 34       		.uleb128 0x34
 888 00c4 00       		.byte	0
 889 00c5 03       		.uleb128 0x3
 890 00c6 0E       		.uleb128 0xe
 891 00c7 3A       		.uleb128 0x3a
ARM GAS  C:\Users\leevi\AppData\Local\Temp\ccuVB551.s 			page 18


 892 00c8 0B       		.uleb128 0xb
 893 00c9 3B       		.uleb128 0x3b
 894 00ca 05       		.uleb128 0x5
 895 00cb 49       		.uleb128 0x49
 896 00cc 13       		.uleb128 0x13
 897 00cd 3F       		.uleb128 0x3f
 898 00ce 19       		.uleb128 0x19
 899 00cf 3C       		.uleb128 0x3c
 900 00d0 19       		.uleb128 0x19
 901 00d1 00       		.byte	0
 902 00d2 00       		.byte	0
 903 00d3 0F       		.uleb128 0xf
 904 00d4 35       		.uleb128 0x35
 905 00d5 00       		.byte	0
 906 00d6 49       		.uleb128 0x49
 907 00d7 13       		.uleb128 0x13
 908 00d8 00       		.byte	0
 909 00d9 00       		.byte	0
 910 00da 10       		.uleb128 0x10
 911 00db 2E       		.uleb128 0x2e
 912 00dc 00       		.byte	0
 913 00dd 3F       		.uleb128 0x3f
 914 00de 19       		.uleb128 0x19
 915 00df 3C       		.uleb128 0x3c
 916 00e0 19       		.uleb128 0x19
 917 00e1 6E       		.uleb128 0x6e
 918 00e2 0E       		.uleb128 0xe
 919 00e3 03       		.uleb128 0x3
 920 00e4 0E       		.uleb128 0xe
 921 00e5 3A       		.uleb128 0x3a
 922 00e6 0B       		.uleb128 0xb
 923 00e7 3B       		.uleb128 0x3b
 924 00e8 0B       		.uleb128 0xb
 925 00e9 00       		.byte	0
 926 00ea 00       		.byte	0
 927 00eb 00       		.byte	0
 928              		.section	.debug_loc,"",%progbits
 929              	.Ldebug_loc0:
 930              	.LLST0:
 931 0000 00000000 		.4byte	.LVL2
 932 0004 08000000 		.4byte	.LVL3
 933 0008 0100     		.2byte	0x1
 934 000a 50       		.byte	0x50
 935 000b 08000000 		.4byte	.LVL3
 936 000f 26000000 		.4byte	.LFE65
 937 0013 0400     		.2byte	0x4
 938 0015 F3       		.byte	0xf3
 939 0016 01       		.uleb128 0x1
 940 0017 50       		.byte	0x50
 941 0018 9F       		.byte	0x9f
 942 0019 00000000 		.4byte	0
 943 001d 00000000 		.4byte	0
 944              	.LLST1:
 945 0021 00000000 		.4byte	.LVL2
 946 0025 0B000000 		.4byte	.LVL4-1
 947 0029 0100     		.2byte	0x1
 948 002b 51       		.byte	0x51
ARM GAS  C:\Users\leevi\AppData\Local\Temp\ccuVB551.s 			page 19


 949 002c 0B000000 		.4byte	.LVL4-1
 950 0030 26000000 		.4byte	.LFE65
 951 0034 0100     		.2byte	0x1
 952 0036 55       		.byte	0x55
 953 0037 00000000 		.4byte	0
 954 003b 00000000 		.4byte	0
 955              	.LLST2:
 956 003f 00000000 		.4byte	.LVL9
 957 0043 0B000000 		.4byte	.LVL10-1
 958 0047 0100     		.2byte	0x1
 959 0049 50       		.byte	0x50
 960 004a 0B000000 		.4byte	.LVL10-1
 961 004e 26000000 		.4byte	.LFE66
 962 0052 0400     		.2byte	0x4
 963 0054 F3       		.byte	0xf3
 964 0055 01       		.uleb128 0x1
 965 0056 50       		.byte	0x50
 966 0057 9F       		.byte	0x9f
 967 0058 00000000 		.4byte	0
 968 005c 00000000 		.4byte	0
 969              	.LLST3:
 970 0060 00000000 		.4byte	.LVL9
 971 0064 0B000000 		.4byte	.LVL10-1
 972 0068 0100     		.2byte	0x1
 973 006a 51       		.byte	0x51
 974 006b 0B000000 		.4byte	.LVL10-1
 975 006f 26000000 		.4byte	.LFE66
 976 0073 0400     		.2byte	0x4
 977 0075 F3       		.byte	0xf3
 978 0076 01       		.uleb128 0x1
 979 0077 51       		.byte	0x51
 980 0078 9F       		.byte	0x9f
 981 0079 00000000 		.4byte	0
 982 007d 00000000 		.4byte	0
 983              	.LLST4:
 984 0081 00000000 		.4byte	.LVL9
 985 0085 0B000000 		.4byte	.LVL10-1
 986 0089 0100     		.2byte	0x1
 987 008b 52       		.byte	0x52
 988 008c 0B000000 		.4byte	.LVL10-1
 989 0090 26000000 		.4byte	.LFE66
 990 0094 0400     		.2byte	0x4
 991 0096 F3       		.byte	0xf3
 992 0097 01       		.uleb128 0x1
 993 0098 52       		.byte	0x52
 994 0099 9F       		.byte	0x9f
 995 009a 00000000 		.4byte	0
 996 009e 00000000 		.4byte	0
 997              	.LLST5:
 998 00a2 00000000 		.4byte	.LVL9
 999 00a6 0B000000 		.4byte	.LVL10-1
 1000 00aa 0100     		.2byte	0x1
 1001 00ac 53       		.byte	0x53
 1002 00ad 0B000000 		.4byte	.LVL10-1
 1003 00b1 26000000 		.4byte	.LFE66
 1004 00b5 0400     		.2byte	0x4
 1005 00b7 F3       		.byte	0xf3
ARM GAS  C:\Users\leevi\AppData\Local\Temp\ccuVB551.s 			page 20


 1006 00b8 01       		.uleb128 0x1
 1007 00b9 53       		.byte	0x53
 1008 00ba 9F       		.byte	0x9f
 1009 00bb 00000000 		.4byte	0
 1010 00bf 00000000 		.4byte	0
 1011              	.LLST6:
 1012 00c3 00000000 		.4byte	.LVL15
 1013 00c7 09000000 		.4byte	.LVL16-1
 1014 00cb 0100     		.2byte	0x1
 1015 00cd 50       		.byte	0x50
 1016 00ce 09000000 		.4byte	.LVL16-1
 1017 00d2 18000000 		.4byte	.LFE67
 1018 00d6 0400     		.2byte	0x4
 1019 00d8 F3       		.byte	0xf3
 1020 00d9 01       		.uleb128 0x1
 1021 00da 50       		.byte	0x50
 1022 00db 9F       		.byte	0x9f
 1023 00dc 00000000 		.4byte	0
 1024 00e0 00000000 		.4byte	0
 1025              	.LLST7:
 1026 00e4 00000000 		.4byte	.LVL15
 1027 00e8 09000000 		.4byte	.LVL16-1
 1028 00ec 0100     		.2byte	0x1
 1029 00ee 51       		.byte	0x51
 1030 00ef 09000000 		.4byte	.LVL16-1
 1031 00f3 18000000 		.4byte	.LFE67
 1032 00f7 0400     		.2byte	0x4
 1033 00f9 F3       		.byte	0xf3
 1034 00fa 01       		.uleb128 0x1
 1035 00fb 51       		.byte	0x51
 1036 00fc 9F       		.byte	0x9f
 1037 00fd 00000000 		.4byte	0
 1038 0101 00000000 		.4byte	0
 1039              	.LLST8:
 1040 0105 00000000 		.4byte	.LVL15
 1041 0109 09000000 		.4byte	.LVL16-1
 1042 010d 0100     		.2byte	0x1
 1043 010f 52       		.byte	0x52
 1044 0110 09000000 		.4byte	.LVL16-1
 1045 0114 18000000 		.4byte	.LFE67
 1046 0118 0100     		.2byte	0x1
 1047 011a 54       		.byte	0x54
 1048 011b 00000000 		.4byte	0
 1049 011f 00000000 		.4byte	0
 1050              	.LLST9:
 1051 0123 00000000 		.4byte	.LVL19
 1052 0127 08000000 		.4byte	.LVL20
 1053 012b 0100     		.2byte	0x1
 1054 012d 50       		.byte	0x50
 1055 012e 08000000 		.4byte	.LVL20
 1056 0132 26000000 		.4byte	.LFE68
 1057 0136 0400     		.2byte	0x4
 1058 0138 F3       		.byte	0xf3
 1059 0139 01       		.uleb128 0x1
 1060 013a 50       		.byte	0x50
 1061 013b 9F       		.byte	0x9f
 1062 013c 00000000 		.4byte	0
ARM GAS  C:\Users\leevi\AppData\Local\Temp\ccuVB551.s 			page 21


 1063 0140 00000000 		.4byte	0
 1064              	.LLST10:
 1065 0144 00000000 		.4byte	.LVL19
 1066 0148 0B000000 		.4byte	.LVL21-1
 1067 014c 0100     		.2byte	0x1
 1068 014e 51       		.byte	0x51
 1069 014f 0B000000 		.4byte	.LVL21-1
 1070 0153 26000000 		.4byte	.LFE68
 1071 0157 0100     		.2byte	0x1
 1072 0159 55       		.byte	0x55
 1073 015a 00000000 		.4byte	0
 1074 015e 00000000 		.4byte	0
 1075              		.section	.debug_aranges,"",%progbits
 1076 0000 44000000 		.4byte	0x44
 1077 0004 0200     		.2byte	0x2
 1078 0006 00000000 		.4byte	.Ldebug_info0
 1079 000a 04       		.byte	0x4
 1080 000b 00       		.byte	0
 1081 000c 0000     		.2byte	0
 1082 000e 0000     		.2byte	0
 1083 0010 00000000 		.4byte	.LFB63
 1084 0014 08000000 		.4byte	.LFE63-.LFB63
 1085 0018 00000000 		.4byte	.LFB64
 1086 001c 08000000 		.4byte	.LFE64-.LFB64
 1087 0020 00000000 		.4byte	.LFB65
 1088 0024 26000000 		.4byte	.LFE65-.LFB65
 1089 0028 00000000 		.4byte	.LFB66
 1090 002c 26000000 		.4byte	.LFE66-.LFB66
 1091 0030 00000000 		.4byte	.LFB67
 1092 0034 18000000 		.4byte	.LFE67-.LFB67
 1093 0038 00000000 		.4byte	.LFB68
 1094 003c 26000000 		.4byte	.LFE68-.LFB68
 1095 0040 00000000 		.4byte	0
 1096 0044 00000000 		.4byte	0
 1097              		.section	.debug_ranges,"",%progbits
 1098              	.Ldebug_ranges0:
 1099 0000 00000000 		.4byte	.LFB63
 1100 0004 08000000 		.4byte	.LFE63
 1101 0008 00000000 		.4byte	.LFB64
 1102 000c 08000000 		.4byte	.LFE64
 1103 0010 00000000 		.4byte	.LFB65
 1104 0014 26000000 		.4byte	.LFE65
 1105 0018 00000000 		.4byte	.LFB66
 1106 001c 26000000 		.4byte	.LFE66
 1107 0020 00000000 		.4byte	.LFB67
 1108 0024 18000000 		.4byte	.LFE67
 1109 0028 00000000 		.4byte	.LFB68
 1110 002c 26000000 		.4byte	.LFE68
 1111 0030 00000000 		.4byte	0
 1112 0034 00000000 		.4byte	0
 1113              		.section	.debug_line,"",%progbits
 1114              	.Ldebug_line0:
 1115 0000 07020000 		.section	.debug_str,"MS",%progbits,1
 1115      02009201 
 1115      00000201 
 1115      FB0E0D00 
 1115      01010101 
ARM GAS  C:\Users\leevi\AppData\Local\Temp\ccuVB551.s 			page 22


 1116              	.LASF9:
 1117 0000 5F5F696E 		.ascii	"__int32_t\000"
 1117      7433325F 
 1117      7400
 1118              	.LASF29:
 1119 000a 6D6F746F 		.ascii	"motor_backward\000"
 1119      725F6261 
 1119      636B7761 
 1119      726400
 1120              	.LASF27:
 1121 0019 725F7370 		.ascii	"r_speed\000"
 1121      65656400 
 1122              	.LASF33:
 1123 0021 4D6F746F 		.ascii	"MotorDirRight_Write\000"
 1123      72446972 
 1123      52696768 
 1123      745F5772 
 1123      69746500 
 1124              	.LASF11:
 1125 0035 75696E74 		.ascii	"uint8\000"
 1125      3800
 1126              	.LASF10:
 1127 003b 696E7433 		.ascii	"int32_t\000"
 1127      325F7400 
 1128              	.LASF13:
 1129 0043 666C6F61 		.ascii	"float\000"
 1129      7400
 1130              	.LASF23:
 1131 0049 6D6F746F 		.ascii	"motor_drive\000"
 1131      725F6472 
 1131      69766500 
 1132              	.LASF21:
 1133 0055 64656C61 		.ascii	"delay\000"
 1133      7900
 1134              	.LASF1:
 1135 005b 756E7369 		.ascii	"unsigned char\000"
 1135      676E6564 
 1135      20636861 
 1135      7200
 1136              	.LASF37:
 1137 0069 474E5520 		.ascii	"GNU C11 5.4.1 20160609 (release) [ARM/embedded-5-br"
 1137      43313120 
 1137      352E342E 
 1137      31203230 
 1137      31363036 
 1138 009c 616E6368 		.ascii	"anch revision 237715] -mcpu=cortex-m3 -mthumb -g -O"
 1138      20726576 
 1138      6973696F 
 1138      6E203233 
 1138      37373135 
 1139 00cf 67202D66 		.ascii	"g -ffunction-sections -ffat-lto-objects\000"
 1139      66756E63 
 1139      74696F6E 
 1139      2D736563 
 1139      74696F6E 
 1140              	.LASF5:
 1141 00f7 6C6F6E67 		.ascii	"long unsigned int\000"
ARM GAS  C:\Users\leevi\AppData\Local\Temp\ccuVB551.s 			page 23


 1141      20756E73 
 1141      69676E65 
 1141      6420696E 
 1141      7400
 1142              	.LASF24:
 1143 0109 6C5F6469 		.ascii	"l_dir\000"
 1143      7200
 1144              	.LASF32:
 1145 010f 4D6F746F 		.ascii	"MotorDirLeft_Write\000"
 1145      72446972 
 1145      4C656674 
 1145      5F577269 
 1145      746500
 1146              	.LASF40:
 1147 0122 49544D5F 		.ascii	"ITM_RxBuffer\000"
 1147      52784275 
 1147      66666572 
 1147      00
 1148              	.LASF22:
 1149 012f 6D6F746F 		.ascii	"motor_forward\000"
 1149      725F666F 
 1149      72776172 
 1149      6400
 1150              	.LASF14:
 1151 013d 646F7562 		.ascii	"double\000"
 1151      6C6500
 1152              	.LASF19:
 1153 0144 6D6F746F 		.ascii	"motor_stop\000"
 1153      725F7374 
 1153      6F7000
 1154              	.LASF38:
 1155 014f 5A756D6F 		.ascii	"ZumoLibrary\\Motor.c\000"
 1155      4C696272 
 1155      6172795C 
 1155      4D6F746F 
 1155      722E6300 
 1156              	.LASF12:
 1157 0163 75696E74 		.ascii	"uint32\000"
 1157      333200
 1158              	.LASF8:
 1159 016a 756E7369 		.ascii	"unsigned int\000"
 1159      676E6564 
 1159      20696E74 
 1159      00
 1160              	.LASF26:
 1161 0177 6C5F7370 		.ascii	"l_speed\000"
 1161      65656400 
 1162              	.LASF7:
 1163 017f 6C6F6E67 		.ascii	"long long unsigned int\000"
 1163      206C6F6E 
 1163      6720756E 
 1163      7369676E 
 1163      65642069 
 1164              	.LASF18:
 1165 0196 6D6F746F 		.ascii	"motor_start\000"
 1165      725F7374 
 1165      61727400 
ARM GAS  C:\Users\leevi\AppData\Local\Temp\ccuVB551.s 			page 24


 1166              	.LASF34:
 1167 01a2 50574D5F 		.ascii	"PWM_WriteCompare1\000"
 1167      57726974 
 1167      65436F6D 
 1167      70617265 
 1167      3100
 1168              	.LASF35:
 1169 01b4 50574D5F 		.ascii	"PWM_WriteCompare2\000"
 1169      57726974 
 1169      65436F6D 
 1169      70617265 
 1169      3200
 1170              	.LASF0:
 1171 01c6 7369676E 		.ascii	"signed char\000"
 1171      65642063 
 1171      68617200 
 1172              	.LASF20:
 1173 01d2 73706565 		.ascii	"speed\000"
 1173      6400
 1174              	.LASF17:
 1175 01d8 73697A65 		.ascii	"sizetype\000"
 1175      74797065 
 1175      00
 1176              	.LASF25:
 1177 01e1 725F6469 		.ascii	"r_dir\000"
 1177      7200
 1178              	.LASF6:
 1179 01e7 6C6F6E67 		.ascii	"long long int\000"
 1179      206C6F6E 
 1179      6720696E 
 1179      7400
 1180              	.LASF15:
 1181 01f5 63686172 		.ascii	"char\000"
 1181      00
 1182              	.LASF2:
 1183 01fa 73686F72 		.ascii	"short int\000"
 1183      7420696E 
 1183      7400
 1184              	.LASF30:
 1185 0204 50574D5F 		.ascii	"PWM_Start\000"
 1185      53746172 
 1185      7400
 1186              	.LASF31:
 1187 020e 50574D5F 		.ascii	"PWM_Stop\000"
 1187      53746F70 
 1187      00
 1188              	.LASF39:
 1189 0217 433A5C55 		.ascii	"C:\\Users\\leevi\\Desktop\\Zumo_Ryhm-10\\ZumoBot.cy"
 1189      73657273 
 1189      5C6C6565 
 1189      76695C44 
 1189      65736B74 
 1190 0245 64736E00 		.ascii	"dsn\000"
 1191              	.LASF4:
 1192 0249 6C6F6E67 		.ascii	"long int\000"
 1192      20696E74 
 1192      00
ARM GAS  C:\Users\leevi\AppData\Local\Temp\ccuVB551.s 			page 25


 1193              	.LASF16:
 1194 0252 6C6F6E67 		.ascii	"long double\000"
 1194      20646F75 
 1194      626C6500 
 1195              	.LASF28:
 1196 025e 6D6F746F 		.ascii	"motor_turn\000"
 1196      725F7475 
 1196      726E00
 1197              	.LASF3:
 1198 0269 73686F72 		.ascii	"short unsigned int\000"
 1198      7420756E 
 1198      7369676E 
 1198      65642069 
 1198      6E7400
 1199              	.LASF36:
 1200 027c 43794465 		.ascii	"CyDelay\000"
 1200      6C617900 
 1201              		.ident	"GCC: (GNU Tools for ARM Embedded Processors) 5.4.1 20160609 (release) [ARM/embedded-5-bran
